<?xml version="1.0" encoding="UTF-8"?>
<coverage generated="1683489961779" clover="3.2.0">
  <project timestamp="1683489961779" name="All files">
    <metrics statements="382" coveredstatements="381" conditionals="65" coveredconditionals="60" methods="31" coveredmethods="30" elements="478" coveredelements="471" complexity="0" loc="382" ncloc="382" packages="4" files="6" classes="6"/>
    <package name="src">
      <metrics statements="99" coveredstatements="99" conditionals="2" coveredconditionals="2" methods="2" coveredmethods="2"/>
      <file name="Figure.ts" path="/Users/artemzuravlenko/Projects/architectural-patterns/src/Figure.ts">
        <metrics statements="17" coveredstatements="17" conditionals="2" coveredconditionals="2" methods="2" coveredmethods="2"/>
        <line num="1" count="1" type="stmt"/>
        <line num="2" count="1" type="stmt"/>
        <line num="3" count="1" type="stmt"/>
        <line num="4" count="1" type="cond" truecount="1" falsecount="0"/>
        <line num="5" count="36" type="stmt"/>
        <line num="6" count="36" type="stmt"/>
        <line num="7" count="36" type="stmt"/>
        <line num="8" count="1" type="stmt"/>
        <line num="9" count="1" type="stmt"/>
        <line num="10" count="1" type="cond" truecount="1" falsecount="0"/>
        <line num="11" count="36" type="stmt"/>
        <line num="12" count="36" type="stmt"/>
        <line num="13" count="36" type="stmt"/>
        <line num="14" count="36" type="stmt"/>
        <line num="15" count="36" type="stmt"/>
        <line num="16" count="36" type="stmt"/>
        <line num="17" count="1" type="stmt"/>
      </file>
      <file name="defaultData.ts" path="/Users/artemzuravlenko/Projects/architectural-patterns/src/defaultData.ts">
        <metrics statements="40" coveredstatements="40" conditionals="0" coveredconditionals="0" methods="0" coveredmethods="0"/>
        <line num="1" count="1" type="stmt"/>
        <line num="2" count="1" type="stmt"/>
        <line num="3" count="1" type="stmt"/>
        <line num="4" count="1" type="stmt"/>
        <line num="5" count="1" type="stmt"/>
        <line num="6" count="1" type="stmt"/>
        <line num="7" count="1" type="stmt"/>
        <line num="8" count="1" type="stmt"/>
        <line num="9" count="1" type="stmt"/>
        <line num="10" count="1" type="stmt"/>
        <line num="11" count="1" type="stmt"/>
        <line num="12" count="1" type="stmt"/>
        <line num="13" count="1" type="stmt"/>
        <line num="14" count="1" type="stmt"/>
        <line num="15" count="1" type="stmt"/>
        <line num="16" count="1" type="stmt"/>
        <line num="17" count="1" type="stmt"/>
        <line num="18" count="1" type="stmt"/>
        <line num="19" count="1" type="stmt"/>
        <line num="20" count="1" type="stmt"/>
        <line num="21" count="1" type="stmt"/>
        <line num="22" count="1" type="stmt"/>
        <line num="23" count="1" type="stmt"/>
        <line num="24" count="1" type="stmt"/>
        <line num="25" count="1" type="stmt"/>
        <line num="26" count="1" type="stmt"/>
        <line num="27" count="1" type="stmt"/>
        <line num="28" count="1" type="stmt"/>
        <line num="29" count="1" type="stmt"/>
        <line num="30" count="1" type="stmt"/>
        <line num="31" count="1" type="stmt"/>
        <line num="32" count="1" type="stmt"/>
        <line num="33" count="1" type="stmt"/>
        <line num="34" count="1" type="stmt"/>
        <line num="35" count="1" type="stmt"/>
        <line num="36" count="1" type="stmt"/>
        <line num="37" count="1" type="stmt"/>
        <line num="38" count="1" type="stmt"/>
        <line num="39" count="1" type="stmt"/>
        <line num="40" count="1" type="stmt"/>
      </file>
      <file name="types.ts" path="/Users/artemzuravlenko/Projects/architectural-patterns/src/types.ts">
        <metrics statements="42" coveredstatements="42" conditionals="0" coveredconditionals="0" methods="0" coveredmethods="0"/>
        <line num="1" count="1" type="stmt"/>
        <line num="2" count="1" type="stmt"/>
        <line num="3" count="1" type="stmt"/>
        <line num="4" count="1" type="stmt"/>
        <line num="5" count="1" type="stmt"/>
        <line num="6" count="1" type="stmt"/>
        <line num="7" count="1" type="stmt"/>
        <line num="8" count="1" type="stmt"/>
        <line num="9" count="1" type="stmt"/>
        <line num="10" count="1" type="stmt"/>
        <line num="11" count="1" type="stmt"/>
        <line num="12" count="1" type="stmt"/>
        <line num="13" count="1" type="stmt"/>
        <line num="14" count="1" type="stmt"/>
        <line num="15" count="1" type="stmt"/>
        <line num="16" count="1" type="stmt"/>
        <line num="17" count="1" type="stmt"/>
        <line num="18" count="1" type="stmt"/>
        <line num="19" count="1" type="stmt"/>
        <line num="20" count="1" type="stmt"/>
        <line num="21" count="1" type="stmt"/>
        <line num="22" count="1" type="stmt"/>
        <line num="23" count="1" type="stmt"/>
        <line num="24" count="1" type="stmt"/>
        <line num="25" count="1" type="stmt"/>
        <line num="26" count="1" type="stmt"/>
        <line num="27" count="1" type="stmt"/>
        <line num="28" count="1" type="stmt"/>
        <line num="29" count="1" type="stmt"/>
        <line num="30" count="1" type="stmt"/>
        <line num="31" count="1" type="stmt"/>
        <line num="32" count="1" type="stmt"/>
        <line num="33" count="1" type="stmt"/>
        <line num="34" count="1" type="stmt"/>
        <line num="35" count="1" type="stmt"/>
        <line num="36" count="1" type="stmt"/>
        <line num="37" count="1" type="stmt"/>
        <line num="38" count="1" type="stmt"/>
        <line num="39" count="1" type="stmt"/>
        <line num="40" count="1" type="stmt"/>
        <line num="41" count="1" type="stmt"/>
        <line num="42" count="1" type="stmt"/>
      </file>
    </package>
    <package name="src.Model">
      <metrics statements="246" coveredstatements="245" conditionals="53" coveredconditionals="48" methods="21" coveredmethods="20"/>
      <file name="index.ts" path="/Users/artemzuravlenko/Projects/architectural-patterns/src/Model/index.ts">
        <metrics statements="246" coveredstatements="245" conditionals="53" coveredconditionals="48" methods="21" coveredmethods="20"/>
        <line num="1" count="1" type="stmt"/>
        <line num="2" count="1" type="stmt"/>
        <line num="3" count="1" type="stmt"/>
        <line num="4" count="1" type="stmt"/>
        <line num="5" count="1" type="stmt"/>
        <line num="6" count="1" type="stmt"/>
        <line num="7" count="1" type="stmt"/>
        <line num="8" count="1" type="stmt"/>
        <line num="9" count="1" type="stmt"/>
        <line num="10" count="1" type="stmt"/>
        <line num="11" count="1" type="stmt"/>
        <line num="12" count="1" type="stmt"/>
        <line num="13" count="1" type="stmt"/>
        <line num="14" count="1" type="stmt"/>
        <line num="15" count="1" type="stmt"/>
        <line num="16" count="1" type="cond" truecount="1" falsecount="0"/>
        <line num="17" count="14" type="stmt"/>
        <line num="18" count="14" type="stmt"/>
        <line num="19" count="14" type="stmt"/>
        <line num="20" count="14" type="stmt"/>
        <line num="21" count="14" type="stmt"/>
        <line num="22" count="14" type="cond" truecount="1" falsecount="0"/>
        <line num="23" count="14" type="stmt"/>
        <line num="24" count="14" type="stmt"/>
        <line num="25" count="14" type="stmt"/>
        <line num="26" count="14" type="stmt"/>
        <line num="27" count="14" type="stmt"/>
        <line num="28" count="14" type="stmt"/>
        <line num="29" count="0" type="stmt"/>
        <line num="30" count="14" type="stmt"/>
        <line num="31" count="14" type="stmt"/>
        <line num="32" count="14" type="cond" truecount="1" falsecount="0"/>
        <line num="33" count="4" type="stmt"/>
        <line num="34" count="4" type="stmt"/>
        <line num="35" count="14" type="stmt"/>
        <line num="36" count="14" type="cond" truecount="1" falsecount="0"/>
        <line num="37" count="2284" type="cond" truecount="1" falsecount="0"/>
        <line num="38" count="2284" type="stmt"/>
        <line num="39" count="14" type="stmt"/>
        <line num="40" count="14" type="cond" truecount="1" falsecount="0"/>
        <line num="41" count="1152" type="stmt"/>
        <line num="42" count="1152" type="stmt"/>
        <line num="43" count="14" type="stmt"/>
        <line num="44" count="14" type="cond" truecount="1" falsecount="0"/>
        <line num="45" count="461" type="stmt"/>
        <line num="46" count="461" type="stmt"/>
        <line num="47" count="461" type="stmt"/>
        <line num="48" count="461" type="stmt"/>
        <line num="49" count="461" type="stmt"/>
        <line num="50" count="461" type="stmt"/>
        <line num="51" count="461" type="cond" truecount="1" falsecount="0"/>
        <line num="52" count="913" type="cond" truecount="1" falsecount="0"/>
        <line num="53" count="1152" type="stmt"/>
        <line num="54" count="1152" type="stmt"/>
        <line num="55" count="1152" type="cond" truecount="1" falsecount="0"/>
        <line num="56" count="593" type="stmt"/>
        <line num="57" count="593" type="stmt"/>
        <line num="58" count="593" type="stmt"/>
        <line num="59" count="559" type="cond" truecount="1" falsecount="0"/>
        <line num="60" count="559" type="stmt"/>
        <line num="61" count="913" type="stmt"/>
        <line num="62" count="461" type="stmt"/>
        <line num="63" count="14" type="stmt"/>
        <line num="64" count="14" type="cond" truecount="1" falsecount="0"/>
        <line num="65" count="461" type="stmt"/>
        <line num="66" count="461" type="stmt"/>
        <line num="67" count="461" type="cond" truecount="1" falsecount="0"/>
        <line num="68" count="1094" type="cond" truecount="1" falsecount="0"/>
        <line num="69" count="1108" type="stmt"/>
        <line num="70" count="1108" type="stmt"/>
        <line num="71" count="1108" type="cond" truecount="1" falsecount="0"/>
        <line num="72" count="567" type="stmt"/>
        <line num="73" count="567" type="stmt"/>
        <line num="74" count="567" type="cond" truecount="1" falsecount="0"/>
        <line num="75" count="4" type="stmt"/>
        <line num="76" count="4" type="stmt"/>
        <line num="77" count="567" type="stmt"/>
        <line num="78" count="567" type="stmt"/>
        <line num="79" count="1108" type="stmt"/>
        <line num="80" count="1094" type="stmt"/>
        <line num="81" count="461" type="stmt"/>
        <line num="82" count="14" type="stmt"/>
        <line num="83" count="14" type="cond" truecount="1" falsecount="0"/>
        <line num="84" count="461" type="stmt"/>
        <line num="85" count="461" type="stmt"/>
        <line num="86" count="461" type="stmt"/>
        <line num="87" count="461" type="cond" truecount="1" falsecount="0"/>
        <line num="88" count="237" type="stmt"/>
        <line num="89" count="237" type="cond" truecount="1" falsecount="0"/>
        <line num="90" count="237" type="cond" truecount="1" falsecount="0"/>
        <line num="91" count="237" type="stmt"/>
        <line num="92" count="461" type="cond" truecount="1" falsecount="0"/>
        <line num="93" count="56" type="stmt"/>
        <line num="94" count="56" type="stmt"/>
        <line num="95" count="461" type="cond" truecount="1" falsecount="0"/>
        <line num="96" count="56" type="stmt"/>
        <line num="97" count="56" type="stmt"/>
        <line num="98" count="461" type="cond" truecount="1" falsecount="0"/>
        <line num="99" count="56" type="stmt"/>
        <line num="100" count="56" type="stmt"/>
        <line num="101" count="461" type="cond" truecount="1" falsecount="0"/>
        <line num="102" count="28" type="stmt"/>
        <line num="103" count="28" type="stmt"/>
        <line num="104" count="461" type="cond" truecount="1" falsecount="0"/>
        <line num="105" count="28" type="stmt"/>
        <line num="106" count="28" type="stmt"/>
        <line num="107" count="461" type="stmt"/>
        <line num="108" count="461" type="stmt"/>
        <line num="109" count="14" type="stmt"/>
        <line num="110" count="14" type="cond" truecount="1" falsecount="0"/>
        <line num="111" count="18" type="cond" truecount="1" falsecount="0"/>
        <line num="112" count="461" type="stmt"/>
        <line num="113" count="461" type="stmt"/>
        <line num="114" count="461" type="stmt"/>
        <line num="115" count="461" type="stmt"/>
        <line num="116" count="461" type="stmt"/>
        <line num="117" count="461" type="stmt"/>
        <line num="118" count="18" type="stmt"/>
        <line num="119" count="18" type="stmt"/>
        <line num="120" count="14" type="stmt"/>
        <line num="121" count="1" type="stmt"/>
        <line num="122" count="1" type="stmt"/>
        <line num="123" count="1" type="cond" truecount="1" falsecount="0"/>
        <line num="124" count="14" type="stmt"/>
        <line num="125" count="14" type="stmt"/>
        <line num="126" count="1" type="stmt"/>
        <line num="127" count="1" type="cond" truecount="1" falsecount="0"/>
        <line num="128" count="1" type="stmt"/>
        <line num="129" count="1" type="stmt"/>
        <line num="130" count="1" type="cond" truecount="0" falsecount="1"/>
        <line num="131" count="1" type="stmt"/>
        <line num="132" count="1" type="cond" truecount="0" falsecount="1"/>
        <line num="133" count="1" type="stmt"/>
        <line num="134" count="1" type="stmt"/>
        <line num="135" count="1" type="stmt"/>
        <line num="136" count="1" type="stmt"/>
        <line num="137" count="1" type="stmt"/>
        <line num="138" count="1" type="stmt"/>
        <line num="139" count="1" type="stmt"/>
        <line num="140" count="1" type="stmt"/>
        <line num="141" count="1" type="cond" truecount="1" falsecount="0"/>
        <line num="142" count="5" type="stmt"/>
        <line num="143" count="5" type="stmt"/>
        <line num="144" count="5" type="stmt"/>
        <line num="145" count="5" type="cond" truecount="1" falsecount="0"/>
        <line num="146" count="4" type="cond" truecount="1" falsecount="1"/>
        <line num="147" count="4" type="cond" truecount="1" falsecount="0"/>
        <line num="148" count="4" type="stmt"/>
        <line num="149" count="4" type="stmt"/>
        <line num="150" count="4" type="cond" truecount="1" falsecount="0"/>
        <line num="151" count="3" type="cond" truecount="1" falsecount="0"/>
        <line num="152" count="3" type="stmt"/>
        <line num="153" count="3" type="stmt"/>
        <line num="154" count="3" type="stmt"/>
        <line num="155" count="3" type="stmt"/>
        <line num="156" count="3" type="stmt"/>
        <line num="157" count="3" type="stmt"/>
        <line num="158" count="3" type="stmt"/>
        <line num="159" count="3" type="stmt"/>
        <line num="160" count="3" type="stmt"/>
        <line num="161" count="1" type="stmt"/>
        <line num="162" count="1" type="cond" truecount="1" falsecount="0"/>
        <line num="163" count="3" type="stmt"/>
        <line num="164" count="3" type="stmt"/>
        <line num="165" count="3" type="stmt"/>
        <line num="166" count="3" type="cond" truecount="1" falsecount="0"/>
        <line num="167" count="2" type="cond" truecount="2" falsecount="0"/>
        <line num="168" count="1" type="cond" truecount="0" falsecount="1"/>
        <line num="169" count="1" type="cond" truecount="1" falsecount="0"/>
        <line num="170" count="1" type="stmt"/>
        <line num="171" count="1" type="stmt"/>
        <line num="172" count="1" type="cond" truecount="0" falsecount="1"/>
        <line num="173" count="1" type="cond" truecount="1" falsecount="0"/>
        <line num="174" count="1" type="stmt"/>
        <line num="175" count="1" type="stmt"/>
        <line num="176" count="1" type="stmt"/>
        <line num="177" count="1" type="stmt"/>
        <line num="178" count="1" type="stmt"/>
        <line num="179" count="1" type="stmt"/>
        <line num="180" count="1" type="stmt"/>
        <line num="181" count="1" type="stmt"/>
        <line num="182" count="1" type="stmt"/>
        <line num="183" count="1" type="stmt"/>
        <line num="184" count="1" type="cond" truecount="1" falsecount="0"/>
        <line num="185" count="113" type="stmt"/>
        <line num="186" count="113" type="stmt"/>
        <line num="187" count="113" type="stmt"/>
        <line num="188" count="113" type="stmt"/>
        <line num="189" count="113" type="stmt"/>
        <line num="190" count="113" type="stmt"/>
        <line num="191" count="113" type="stmt"/>
        <line num="192" count="1" type="stmt"/>
        <line num="193" count="1" type="cond" truecount="1" falsecount="0"/>
        <line num="194" count="124" type="stmt"/>
        <line num="195" count="124" type="stmt"/>
        <line num="196" count="124" type="stmt"/>
        <line num="197" count="124" type="stmt"/>
        <line num="198" count="124" type="stmt"/>
        <line num="199" count="124" type="stmt"/>
        <line num="200" count="124" type="stmt"/>
        <line num="201" count="1" type="stmt"/>
        <line num="202" count="1" type="cond" truecount="1" falsecount="0"/>
        <line num="203" count="56" type="stmt"/>
        <line num="204" count="56" type="stmt"/>
        <line num="205" count="56" type="stmt"/>
        <line num="206" count="56" type="stmt"/>
        <line num="207" count="56" type="stmt"/>
        <line num="208" count="56" type="stmt"/>
        <line num="209" count="56" type="stmt"/>
        <line num="210" count="1" type="stmt"/>
        <line num="211" count="1" type="cond" truecount="1" falsecount="0"/>
        <line num="212" count="56" type="stmt"/>
        <line num="213" count="56" type="stmt"/>
        <line num="214" count="56" type="stmt"/>
        <line num="215" count="56" type="stmt"/>
        <line num="216" count="56" type="stmt"/>
        <line num="217" count="56" type="stmt"/>
        <line num="218" count="56" type="stmt"/>
        <line num="219" count="1" type="stmt"/>
        <line num="220" count="1" type="cond" truecount="1" falsecount="0"/>
        <line num="221" count="56" type="stmt"/>
        <line num="222" count="56" type="stmt"/>
        <line num="223" count="56" type="stmt"/>
        <line num="224" count="56" type="stmt"/>
        <line num="225" count="56" type="stmt"/>
        <line num="226" count="56" type="stmt"/>
        <line num="227" count="56" type="stmt"/>
        <line num="228" count="1" type="stmt"/>
        <line num="229" count="1" type="cond" truecount="1" falsecount="0"/>
        <line num="230" count="28" type="stmt"/>
        <line num="231" count="28" type="stmt"/>
        <line num="232" count="28" type="stmt"/>
        <line num="233" count="28" type="stmt"/>
        <line num="234" count="28" type="stmt"/>
        <line num="235" count="28" type="stmt"/>
        <line num="236" count="28" type="stmt"/>
        <line num="237" count="1" type="stmt"/>
        <line num="238" count="1" type="cond" truecount="1" falsecount="0"/>
        <line num="239" count="28" type="stmt"/>
        <line num="240" count="28" type="stmt"/>
        <line num="241" count="28" type="stmt"/>
        <line num="242" count="28" type="stmt"/>
        <line num="243" count="28" type="stmt"/>
        <line num="244" count="28" type="stmt"/>
        <line num="245" count="28" type="stmt"/>
        <line num="246" count="1" type="stmt"/>
      </file>
    </package>
    <package name="src.Position">
      <metrics statements="32" coveredstatements="32" conditionals="7" coveredconditionals="7" methods="7" coveredmethods="7"/>
      <file name="index.ts" path="/Users/artemzuravlenko/Projects/architectural-patterns/src/Position/index.ts">
        <metrics statements="32" coveredstatements="32" conditionals="7" coveredconditionals="7" methods="7" coveredmethods="7"/>
        <line num="1" count="1" type="stmt"/>
        <line num="2" count="1" type="stmt"/>
        <line num="3" count="1" type="stmt"/>
        <line num="4" count="1" type="cond" truecount="1" falsecount="0"/>
        <line num="5" count="1" type="stmt"/>
        <line num="6" count="1" type="stmt"/>
        <line num="7" count="1" type="cond" truecount="1" falsecount="0"/>
        <line num="8" count="8880" type="stmt"/>
        <line num="9" count="8880" type="stmt"/>
        <line num="10" count="8880" type="stmt"/>
        <line num="11" count="1" type="stmt"/>
        <line num="12" count="1" type="cond" truecount="1" falsecount="0"/>
        <line num="13" count="26762" type="stmt"/>
        <line num="14" count="26762" type="stmt"/>
        <line num="15" count="1" type="stmt"/>
        <line num="16" count="1" type="cond" truecount="1" falsecount="0"/>
        <line num="17" count="23842" type="stmt"/>
        <line num="18" count="23842" type="stmt"/>
        <line num="19" count="1" type="stmt"/>
        <line num="20" count="1" type="cond" truecount="1" falsecount="0"/>
        <line num="21" count="2930" type="stmt"/>
        <line num="22" count="2930" type="stmt"/>
        <line num="23" count="1" type="stmt"/>
        <line num="24" count="1" type="cond" truecount="2" falsecount="0"/>
        <line num="25" count="461" type="stmt"/>
        <line num="26" count="461" type="stmt"/>
        <line num="27" count="461" type="stmt"/>
        <line num="28" count="461" type="stmt"/>
        <line num="29" count="461" type="stmt"/>
        <line num="30" count="461" type="stmt"/>
        <line num="31" count="1" type="stmt"/>
        <line num="32" count="1" type="stmt"/>
      </file>
    </package>
    <package name="src.utills.getOppositeColor">
      <metrics statements="5" coveredstatements="5" conditionals="3" coveredconditionals="3" methods="1" coveredmethods="1"/>
      <file name="index.ts" path="/Users/artemzuravlenko/Projects/architectural-patterns/src/utills/getOppositeColor/index.ts">
        <metrics statements="5" coveredstatements="5" conditionals="3" coveredconditionals="3" methods="1" coveredmethods="1"/>
        <line num="1" count="1" type="stmt"/>
        <line num="2" count="1" type="stmt"/>
        <line num="3" count="1" type="cond" truecount="1" falsecount="0"/>
        <line num="4" count="6" type="cond" truecount="2" falsecount="0"/>
        <line num="5" count="6" type="stmt"/>
      </file>
    </package>
  </project>
</coverage>
