{"/Users/artemzuravlenko/Projects/architectural-patterns/src/Figure.ts": {"path":"/Users/artemzuravlenko/Projects/architectural-patterns/src/Figure.ts","all":false,"statementMap":{"0":{"start":{"line":1,"column":0},"end":{"line":1,"column":60}},"1":{"start":{"line":2,"column":0},"end":{"line":2,"column":0}},"2":{"start":{"line":3,"column":0},"end":{"line":3,"column":21}},"3":{"start":{"line":4,"column":0},"end":{"line":4,"column":19}},"4":{"start":{"line":5,"column":0},"end":{"line":5,"column":19}},"5":{"start":{"line":6,"column":0},"end":{"line":6,"column":38}},"6":{"start":{"line":7,"column":0},"end":{"line":7,"column":38}},"7":{"start":{"line":8,"column":0},"end":{"line":8,"column":24}},"8":{"start":{"line":9,"column":0},"end":{"line":9,"column":0}},"9":{"start":{"line":10,"column":0},"end":{"line":10,"column":53}},"10":{"start":{"line":11,"column":0},"end":{"line":11,"column":25}},"11":{"start":{"line":12,"column":0},"end":{"line":12,"column":27}},"12":{"start":{"line":13,"column":0},"end":{"line":13,"column":23}},"13":{"start":{"line":14,"column":0},"end":{"line":14,"column":36}},"14":{"start":{"line":15,"column":0},"end":{"line":15,"column":36}},"15":{"start":{"line":16,"column":0},"end":{"line":16,"column":3}},"16":{"start":{"line":17,"column":0},"end":{"line":17,"column":1}}},"s":{"0":1,"1":1,"2":1,"3":1,"4":36,"5":36,"6":36,"7":1,"8":1,"9":1,"10":36,"11":36,"12":36,"13":36,"14":36,"15":36,"16":1},"branchMap":{"0":{"type":"branch","line":4,"loc":{"start":{"line":4,"column":2},"end":{"line":8,"column":16}},"locations":[{"start":{"line":4,"column":2},"end":{"line":8,"column":16}}]},"1":{"type":"branch","line":10,"loc":{"start":{"line":10,"column":2},"end":{"line":16,"column":3}},"locations":[{"start":{"line":10,"column":2},"end":{"line":16,"column":3}}]}},"b":{"0":[36],"1":[36]},"fnMap":{"0":{"name":"<instance_members_initializer>","decl":{"start":{"line":4,"column":2},"end":{"line":8,"column":16}},"loc":{"start":{"line":4,"column":2},"end":{"line":8,"column":16}},"line":4},"1":{"name":"Figure","decl":{"start":{"line":10,"column":2},"end":{"line":16,"column":3}},"loc":{"start":{"line":10,"column":2},"end":{"line":16,"column":3}},"line":10}},"f":{"0":36,"1":36}}
,"/Users/artemzuravlenko/Projects/architectural-patterns/src/defaultData.ts": {"path":"/Users/artemzuravlenko/Projects/architectural-patterns/src/defaultData.ts","all":false,"statementMap":{"0":{"start":{"line":1,"column":0},"end":{"line":1,"column":34}},"1":{"start":{"line":2,"column":0},"end":{"line":2,"column":38}},"2":{"start":{"line":3,"column":0},"end":{"line":3,"column":61}},"3":{"start":{"line":4,"column":0},"end":{"line":4,"column":0}},"4":{"start":{"line":5,"column":0},"end":{"line":5,"column":69}},"5":{"start":{"line":6,"column":0},"end":{"line":6,"column":87}},"6":{"start":{"line":7,"column":0},"end":{"line":7,"column":89}},"7":{"start":{"line":8,"column":0},"end":{"line":8,"column":89}},"8":{"start":{"line":9,"column":0},"end":{"line":9,"column":88}},"9":{"start":{"line":10,"column":0},"end":{"line":10,"column":87}},"10":{"start":{"line":11,"column":0},"end":{"line":11,"column":89}},"11":{"start":{"line":12,"column":0},"end":{"line":12,"column":89}},"12":{"start":{"line":13,"column":0},"end":{"line":13,"column":87}},"13":{"start":{"line":14,"column":0},"end":{"line":14,"column":87}},"14":{"start":{"line":15,"column":0},"end":{"line":15,"column":87}},"15":{"start":{"line":16,"column":0},"end":{"line":16,"column":87}},"16":{"start":{"line":17,"column":0},"end":{"line":17,"column":87}},"17":{"start":{"line":18,"column":0},"end":{"line":18,"column":87}},"18":{"start":{"line":19,"column":0},"end":{"line":19,"column":87}},"19":{"start":{"line":20,"column":0},"end":{"line":20,"column":87}},"20":{"start":{"line":21,"column":0},"end":{"line":21,"column":87}},"21":{"start":{"line":22,"column":0},"end":{"line":22,"column":87}},"22":{"start":{"line":23,"column":0},"end":{"line":23,"column":89}},"23":{"start":{"line":24,"column":0},"end":{"line":24,"column":89}},"24":{"start":{"line":25,"column":0},"end":{"line":25,"column":87}},"25":{"start":{"line":26,"column":0},"end":{"line":26,"column":88}},"26":{"start":{"line":27,"column":0},"end":{"line":27,"column":89}},"27":{"start":{"line":28,"column":0},"end":{"line":28,"column":89}},"28":{"start":{"line":29,"column":0},"end":{"line":29,"column":87}},"29":{"start":{"line":30,"column":0},"end":{"line":30,"column":87}},"30":{"start":{"line":31,"column":0},"end":{"line":31,"column":87}},"31":{"start":{"line":32,"column":0},"end":{"line":32,"column":87}},"32":{"start":{"line":33,"column":0},"end":{"line":33,"column":87}},"33":{"start":{"line":34,"column":0},"end":{"line":34,"column":87}},"34":{"start":{"line":35,"column":0},"end":{"line":35,"column":87}},"35":{"start":{"line":36,"column":0},"end":{"line":36,"column":87}},"36":{"start":{"line":37,"column":0},"end":{"line":37,"column":87}},"37":{"start":{"line":38,"column":0},"end":{"line":38,"column":2}},"38":{"start":{"line":39,"column":0},"end":{"line":39,"column":0}},"39":{"start":{"line":40,"column":0},"end":{"line":40,"column":97}}},"s":{"0":1,"1":1,"2":1,"3":1,"4":1,"5":1,"6":1,"7":1,"8":1,"9":1,"10":1,"11":1,"12":1,"13":1,"14":1,"15":1,"16":1,"17":1,"18":1,"19":1,"20":1,"21":1,"22":1,"23":1,"24":1,"25":1,"26":1,"27":1,"28":1,"29":1,"30":1,"31":1,"32":1,"33":1,"34":1,"35":1,"36":1,"37":1,"38":1,"39":1},"branchMap":{},"b":{},"fnMap":{},"f":{}}
,"/Users/artemzuravlenko/Projects/architectural-patterns/src/types.ts": {"path":"/Users/artemzuravlenko/Projects/architectural-patterns/src/types.ts","all":false,"statementMap":{"0":{"start":{"line":1,"column":0},"end":{"line":1,"column":34}},"1":{"start":{"line":2,"column":0},"end":{"line":2,"column":0}},"2":{"start":{"line":3,"column":0},"end":{"line":3,"column":29}},"3":{"start":{"line":4,"column":0},"end":{"line":4,"column":39}},"4":{"start":{"line":5,"column":0},"end":{"line":5,"column":0}},"5":{"start":{"line":6,"column":0},"end":{"line":6,"column":31}},"6":{"start":{"line":7,"column":0},"end":{"line":7,"column":0}},"7":{"start":{"line":8,"column":0},"end":{"line":8,"column":22}},"8":{"start":{"line":9,"column":0},"end":{"line":9,"column":17}},"9":{"start":{"line":10,"column":0},"end":{"line":10,"column":17}},"10":{"start":{"line":11,"column":0},"end":{"line":11,"column":11}},"11":{"start":{"line":12,"column":0},"end":{"line":12,"column":0}},"12":{"start":{"line":13,"column":0},"end":{"line":13,"column":53}},"13":{"start":{"line":14,"column":0},"end":{"line":14,"column":0}},"14":{"start":{"line":15,"column":0},"end":{"line":15,"column":28}},"15":{"start":{"line":16,"column":0},"end":{"line":16,"column":15}},"16":{"start":{"line":17,"column":0},"end":{"line":17,"column":15}},"17":{"start":{"line":18,"column":0},"end":{"line":18,"column":15}},"18":{"start":{"line":19,"column":0},"end":{"line":19,"column":19}},"19":{"start":{"line":20,"column":0},"end":{"line":20,"column":17}},"20":{"start":{"line":21,"column":0},"end":{"line":21,"column":19}},"21":{"start":{"line":22,"column":0},"end":{"line":22,"column":11}},"22":{"start":{"line":23,"column":0},"end":{"line":23,"column":0}},"23":{"start":{"line":24,"column":0},"end":{"line":24,"column":70}},"24":{"start":{"line":25,"column":0},"end":{"line":25,"column":0}},"25":{"start":{"line":26,"column":0},"end":{"line":26,"column":53}},"26":{"start":{"line":27,"column":0},"end":{"line":27,"column":0}},"27":{"start":{"line":28,"column":0},"end":{"line":28,"column":63}},"28":{"start":{"line":29,"column":0},"end":{"line":29,"column":0}},"29":{"start":{"line":30,"column":0},"end":{"line":30,"column":57}},"30":{"start":{"line":31,"column":0},"end":{"line":31,"column":0}},"31":{"start":{"line":32,"column":0},"end":{"line":32,"column":75}},"32":{"start":{"line":33,"column":0},"end":{"line":33,"column":0}},"33":{"start":{"line":34,"column":0},"end":{"line":34,"column":65}},"34":{"start":{"line":35,"column":0},"end":{"line":35,"column":0}},"35":{"start":{"line":36,"column":0},"end":{"line":36,"column":56}},"36":{"start":{"line":37,"column":0},"end":{"line":37,"column":0}},"37":{"start":{"line":38,"column":0},"end":{"line":38,"column":67}},"38":{"start":{"line":39,"column":0},"end":{"line":39,"column":0}},"39":{"start":{"line":40,"column":0},"end":{"line":40,"column":70}},"40":{"start":{"line":41,"column":0},"end":{"line":41,"column":0}},"41":{"start":{"line":42,"column":0},"end":{"line":42,"column":60}}},"s":{"0":1,"1":1,"2":1,"3":1,"4":1,"5":1,"6":1,"7":1,"8":1,"9":1,"10":1,"11":1,"12":1,"13":1,"14":1,"15":1,"16":1,"17":1,"18":1,"19":1,"20":1,"21":1,"22":1,"23":1,"24":1,"25":1,"26":1,"27":1,"28":1,"29":1,"30":1,"31":1,"32":1,"33":1,"34":1,"35":1,"36":1,"37":1,"38":1,"39":1,"40":1,"41":1},"branchMap":{},"b":{},"fnMap":{},"f":{}}
,"/Users/artemzuravlenko/Projects/architectural-patterns/src/Model/index.ts": {"path":"/Users/artemzuravlenko/Projects/architectural-patterns/src/Model/index.ts","all":false,"statementMap":{"0":{"start":{"line":1,"column":0},"end":{"line":1,"column":86}},"1":{"start":{"line":2,"column":0},"end":{"line":2,"column":37}},"2":{"start":{"line":3,"column":0},"end":{"line":3,"column":33}},"3":{"start":{"line":4,"column":0},"end":{"line":4,"column":44}},"4":{"start":{"line":5,"column":0},"end":{"line":5,"column":46}},"5":{"start":{"line":6,"column":0},"end":{"line":6,"column":44}},"6":{"start":{"line":7,"column":0},"end":{"line":7,"column":54}},"7":{"start":{"line":8,"column":0},"end":{"line":8,"column":54}},"8":{"start":{"line":9,"column":0},"end":{"line":9,"column":48}},"9":{"start":{"line":10,"column":0},"end":{"line":10,"column":48}},"10":{"start":{"line":11,"column":0},"end":{"line":11,"column":60}},"11":{"start":{"line":12,"column":0},"end":{"line":12,"column":0}},"12":{"start":{"line":13,"column":0},"end":{"line":13,"column":65}},"13":{"start":{"line":14,"column":0},"end":{"line":14,"column":0}},"14":{"start":{"line":15,"column":0},"end":{"line":15,"column":20}},"15":{"start":{"line":16,"column":0},"end":{"line":16,"column":21}},"16":{"start":{"line":17,"column":0},"end":{"line":17,"column":17}},"17":{"start":{"line":18,"column":0},"end":{"line":18,"column":23}},"18":{"start":{"line":19,"column":0},"end":{"line":19,"column":11}},"19":{"start":{"line":20,"column":0},"end":{"line":20,"column":38}},"20":{"start":{"line":21,"column":0},"end":{"line":21,"column":0}},"21":{"start":{"line":22,"column":0},"end":{"line":22,"column":60}},"22":{"start":{"line":23,"column":0},"end":{"line":23,"column":29}},"23":{"start":{"line":24,"column":0},"end":{"line":24,"column":35}},"24":{"start":{"line":25,"column":0},"end":{"line":25,"column":44}},"25":{"start":{"line":26,"column":0},"end":{"line":26,"column":3}},"26":{"start":{"line":27,"column":0},"end":{"line":27,"column":0}},"27":{"start":{"line":28,"column":0},"end":{"line":28,"column":27}},"28":{"start":{"line":29,"column":0},"end":{"line":29,"column":56}},"29":{"start":{"line":30,"column":0},"end":{"line":30,"column":4}},"30":{"start":{"line":31,"column":0},"end":{"line":31,"column":0}},"31":{"start":{"line":32,"column":0},"end":{"line":32,"column":24}},"32":{"start":{"line":33,"column":0},"end":{"line":33,"column":58}},"33":{"start":{"line":34,"column":0},"end":{"line":34,"column":3}},"34":{"start":{"line":35,"column":0},"end":{"line":35,"column":0}},"35":{"start":{"line":36,"column":0},"end":{"line":36,"column":55}},"36":{"start":{"line":37,"column":0},"end":{"line":37,"column":57}},"37":{"start":{"line":38,"column":0},"end":{"line":38,"column":3}},"38":{"start":{"line":39,"column":0},"end":{"line":39,"column":0}},"39":{"start":{"line":40,"column":0},"end":{"line":40,"column":50}},"40":{"start":{"line":41,"column":0},"end":{"line":41,"column":37}},"41":{"start":{"line":42,"column":0},"end":{"line":42,"column":3}},"42":{"start":{"line":43,"column":0},"end":{"line":43,"column":0}},"43":{"start":{"line":44,"column":0},"end":{"line":44,"column":31}},"44":{"start":{"line":45,"column":0},"end":{"line":45,"column":19}},"45":{"start":{"line":46,"column":0},"end":{"line":46,"column":29}},"46":{"start":{"line":47,"column":0},"end":{"line":47,"column":52}},"47":{"start":{"line":48,"column":0},"end":{"line":48,"column":11}},"48":{"start":{"line":49,"column":0},"end":{"line":49,"column":54}},"49":{"start":{"line":50,"column":0},"end":{"line":50,"column":0}},"50":{"start":{"line":51,"column":0},"end":{"line":51,"column":49}},"51":{"start":{"line":52,"column":0},"end":{"line":52,"column":54}},"52":{"start":{"line":53,"column":0},"end":{"line":53,"column":42}},"53":{"start":{"line":54,"column":0},"end":{"line":54,"column":0}},"54":{"start":{"line":55,"column":0},"end":{"line":55,"column":40}},"55":{"start":{"line":56,"column":0},"end":{"line":56,"column":57}},"56":{"start":{"line":57,"column":0},"end":{"line":57,"column":19}},"57":{"start":{"line":58,"column":0},"end":{"line":58,"column":9}},"58":{"start":{"line":59,"column":0},"end":{"line":59,"column":14}},"59":{"start":{"line":60,"column":0},"end":{"line":60,"column":7}},"60":{"start":{"line":61,"column":0},"end":{"line":61,"column":5}},"61":{"start":{"line":62,"column":0},"end":{"line":62,"column":3}},"62":{"start":{"line":63,"column":0},"end":{"line":63,"column":0}},"63":{"start":{"line":64,"column":0},"end":{"line":64,"column":80}},"64":{"start":{"line":65,"column":0},"end":{"line":65,"column":38}},"65":{"start":{"line":66,"column":0},"end":{"line":66,"column":0}},"66":{"start":{"line":67,"column":0},"end":{"line":67,"column":49}},"67":{"start":{"line":68,"column":0},"end":{"line":68,"column":54}},"68":{"start":{"line":69,"column":0},"end":{"line":69,"column":62}},"69":{"start":{"line":70,"column":0},"end":{"line":70,"column":0}},"70":{"start":{"line":71,"column":0},"end":{"line":71,"column":29}},"71":{"start":{"line":72,"column":0},"end":{"line":72,"column":72}},"72":{"start":{"line":73,"column":0},"end":{"line":73,"column":0}},"73":{"start":{"line":74,"column":0},"end":{"line":74,"column":32}},"74":{"start":{"line":75,"column":0},"end":{"line":75,"column":67}},"75":{"start":{"line":76,"column":0},"end":{"line":76,"column":11}},"76":{"start":{"line":77,"column":0},"end":{"line":77,"column":16}},"77":{"start":{"line":78,"column":0},"end":{"line":78,"column":9}},"78":{"start":{"line":79,"column":0},"end":{"line":79,"column":7}},"79":{"start":{"line":80,"column":0},"end":{"line":80,"column":5}},"80":{"start":{"line":81,"column":0},"end":{"line":81,"column":3}},"81":{"start":{"line":82,"column":0},"end":{"line":82,"column":0}},"82":{"start":{"line":83,"column":0},"end":{"line":83,"column":75}},"83":{"start":{"line":84,"column":0},"end":{"line":84,"column":42}},"84":{"start":{"line":85,"column":0},"end":{"line":85,"column":0}},"85":{"start":{"line":86,"column":0},"end":{"line":86,"column":26}},"86":{"start":{"line":87,"column":0},"end":{"line":87,"column":28}},"87":{"start":{"line":88,"column":0},"end":{"line":88,"column":36}},"88":{"start":{"line":89,"column":0},"end":{"line":89,"column":52}},"89":{"start":{"line":90,"column":0},"end":{"line":90,"column":53}},"90":{"start":{"line":91,"column":0},"end":{"line":91,"column":14}},"91":{"start":{"line":92,"column":0},"end":{"line":92,"column":30}},"92":{"start":{"line":93,"column":0},"end":{"line":93,"column":46}},"93":{"start":{"line":94,"column":0},"end":{"line":94,"column":14}},"94":{"start":{"line":95,"column":0},"end":{"line":95,"column":28}},"95":{"start":{"line":96,"column":0},"end":{"line":96,"column":44}},"96":{"start":{"line":97,"column":0},"end":{"line":97,"column":14}},"97":{"start":{"line":98,"column":0},"end":{"line":98,"column":30}},"98":{"start":{"line":99,"column":0},"end":{"line":99,"column":46}},"99":{"start":{"line":100,"column":0},"end":{"line":100,"column":14}},"100":{"start":{"line":101,"column":0},"end":{"line":101,"column":29}},"101":{"start":{"line":102,"column":0},"end":{"line":102,"column":45}},"102":{"start":{"line":103,"column":0},"end":{"line":103,"column":14}},"103":{"start":{"line":104,"column":0},"end":{"line":104,"column":28}},"104":{"start":{"line":105,"column":0},"end":{"line":105,"column":44}},"105":{"start":{"line":106,"column":0},"end":{"line":106,"column":14}},"106":{"start":{"line":107,"column":0},"end":{"line":107,"column":5}},"107":{"start":{"line":108,"column":0},"end":{"line":108,"column":3}},"108":{"start":{"line":109,"column":0},"end":{"line":109,"column":0}},"109":{"start":{"line":110,"column":0},"end":{"line":110,"column":36}},"110":{"start":{"line":111,"column":0},"end":{"line":111,"column":51}},"111":{"start":{"line":112,"column":0},"end":{"line":112,"column":33}},"112":{"start":{"line":113,"column":0},"end":{"line":113,"column":15}},"113":{"start":{"line":114,"column":0},"end":{"line":114,"column":52}},"114":{"start":{"line":115,"column":0},"end":{"line":115,"column":8}},"115":{"start":{"line":116,"column":0},"end":{"line":116,"column":0}},"116":{"start":{"line":117,"column":0},"end":{"line":117,"column":48}},"117":{"start":{"line":118,"column":0},"end":{"line":118,"column":7}},"118":{"start":{"line":119,"column":0},"end":{"line":119,"column":3}},"119":{"start":{"line":120,"column":0},"end":{"line":120,"column":0}},"120":{"start":{"line":121,"column":0},"end":{"line":121,"column":63}},"121":{"start":{"line":122,"column":0},"end":{"line":122,"column":0}},"122":{"start":{"line":123,"column":0},"end":{"line":123,"column":56}},"123":{"start":{"line":124,"column":0},"end":{"line":124,"column":34}},"124":{"start":{"line":125,"column":0},"end":{"line":125,"column":3}},"125":{"start":{"line":126,"column":0},"end":{"line":126,"column":0}},"126":{"start":{"line":127,"column":0},"end":{"line":127,"column":52}},"127":{"start":{"line":128,"column":0},"end":{"line":128,"column":52}},"128":{"start":{"line":129,"column":0},"end":{"line":129,"column":0}},"129":{"start":{"line":130,"column":0},"end":{"line":130,"column":32}},"130":{"start":{"line":131,"column":0},"end":{"line":131,"column":0}},"131":{"start":{"line":132,"column":0},"end":{"line":132,"column":58}},"132":{"start":{"line":133,"column":0},"end":{"line":133,"column":0}},"133":{"start":{"line":134,"column":0},"end":{"line":134,"column":25}},"134":{"start":{"line":135,"column":0},"end":{"line":135,"column":15}},"135":{"start":{"line":136,"column":0},"end":{"line":136,"column":6}},"136":{"start":{"line":137,"column":0},"end":{"line":137,"column":0}},"137":{"start":{"line":138,"column":0},"end":{"line":138,"column":25}},"138":{"start":{"line":139,"column":0},"end":{"line":139,"column":3}},"139":{"start":{"line":140,"column":0},"end":{"line":140,"column":0}},"140":{"start":{"line":141,"column":0},"end":{"line":141,"column":76}},"141":{"start":{"line":142,"column":0},"end":{"line":142,"column":52}},"142":{"start":{"line":143,"column":0},"end":{"line":143,"column":48}},"143":{"start":{"line":144,"column":0},"end":{"line":144,"column":0}},"144":{"start":{"line":145,"column":0},"end":{"line":145,"column":28}},"145":{"start":{"line":146,"column":0},"end":{"line":146,"column":25}},"146":{"start":{"line":147,"column":0},"end":{"line":147,"column":0}},"147":{"start":{"line":148,"column":0},"end":{"line":148,"column":83}},"148":{"start":{"line":149,"column":0},"end":{"line":149,"column":0}},"149":{"start":{"line":150,"column":0},"end":{"line":150,"column":35}},"150":{"start":{"line":151,"column":0},"end":{"line":151,"column":0}},"151":{"start":{"line":152,"column":0},"end":{"line":152,"column":56}},"152":{"start":{"line":153,"column":0},"end":{"line":153,"column":49}},"153":{"start":{"line":154,"column":0},"end":{"line":154,"column":0}},"154":{"start":{"line":155,"column":0},"end":{"line":155,"column":30}},"155":{"start":{"line":156,"column":0},"end":{"line":156,"column":22}},"156":{"start":{"line":157,"column":0},"end":{"line":157,"column":28}},"157":{"start":{"line":158,"column":0},"end":{"line":158,"column":0}},"158":{"start":{"line":159,"column":0},"end":{"line":159,"column":25}},"159":{"start":{"line":160,"column":0},"end":{"line":160,"column":3}},"160":{"start":{"line":161,"column":0},"end":{"line":161,"column":0}},"161":{"start":{"line":162,"column":0},"end":{"line":162,"column":76}},"162":{"start":{"line":163,"column":0},"end":{"line":163,"column":52}},"163":{"start":{"line":164,"column":0},"end":{"line":164,"column":48}},"164":{"start":{"line":165,"column":0},"end":{"line":165,"column":0}},"165":{"start":{"line":166,"column":0},"end":{"line":166,"column":28}},"166":{"start":{"line":167,"column":0},"end":{"line":167,"column":26}},"167":{"start":{"line":168,"column":0},"end":{"line":168,"column":52}},"168":{"start":{"line":169,"column":0},"end":{"line":169,"column":0}},"169":{"start":{"line":170,"column":0},"end":{"line":170,"column":84}},"170":{"start":{"line":171,"column":0},"end":{"line":171,"column":0}},"171":{"start":{"line":172,"column":0},"end":{"line":172,"column":34}},"172":{"start":{"line":173,"column":0},"end":{"line":173,"column":0}},"173":{"start":{"line":174,"column":0},"end":{"line":174,"column":56}},"174":{"start":{"line":175,"column":0},"end":{"line":175,"column":49}},"175":{"start":{"line":176,"column":0},"end":{"line":176,"column":0}},"176":{"start":{"line":177,"column":0},"end":{"line":177,"column":30}},"177":{"start":{"line":178,"column":0},"end":{"line":178,"column":22}},"178":{"start":{"line":179,"column":0},"end":{"line":179,"column":28}},"179":{"start":{"line":180,"column":0},"end":{"line":180,"column":0}},"180":{"start":{"line":181,"column":0},"end":{"line":181,"column":25}},"181":{"start":{"line":182,"column":0},"end":{"line":182,"column":3}},"182":{"start":{"line":183,"column":0},"end":{"line":183,"column":0}},"183":{"start":{"line":184,"column":0},"end":{"line":184,"column":65}},"184":{"start":{"line":185,"column":0},"end":{"line":185,"column":30}},"185":{"start":{"line":186,"column":0},"end":{"line":186,"column":24}},"186":{"start":{"line":187,"column":0},"end":{"line":187,"column":79}},"187":{"start":{"line":188,"column":0},"end":{"line":188,"column":31}},"188":{"start":{"line":189,"column":0},"end":{"line":189,"column":6}},"189":{"start":{"line":190,"column":0},"end":{"line":190,"column":96}},"190":{"start":{"line":191,"column":0},"end":{"line":191,"column":3}},"191":{"start":{"line":192,"column":0},"end":{"line":192,"column":0}},"192":{"start":{"line":193,"column":0},"end":{"line":193,"column":65}},"193":{"start":{"line":194,"column":0},"end":{"line":194,"column":30}},"194":{"start":{"line":195,"column":0},"end":{"line":195,"column":24}},"195":{"start":{"line":196,"column":0},"end":{"line":196,"column":69}},"196":{"start":{"line":197,"column":0},"end":{"line":197,"column":31}},"197":{"start":{"line":198,"column":0},"end":{"line":198,"column":6}},"198":{"start":{"line":199,"column":0},"end":{"line":199,"column":86}},"199":{"start":{"line":200,"column":0},"end":{"line":200,"column":3}},"200":{"start":{"line":201,"column":0},"end":{"line":201,"column":0}},"201":{"start":{"line":202,"column":0},"end":{"line":202,"column":62}},"202":{"start":{"line":203,"column":0},"end":{"line":203,"column":30}},"203":{"start":{"line":204,"column":0},"end":{"line":204,"column":24}},"204":{"start":{"line":205,"column":0},"end":{"line":205,"column":39}},"205":{"start":{"line":206,"column":0},"end":{"line":206,"column":31}},"206":{"start":{"line":207,"column":0},"end":{"line":207,"column":6}},"207":{"start":{"line":208,"column":0},"end":{"line":208,"column":83}},"208":{"start":{"line":209,"column":0},"end":{"line":209,"column":3}},"209":{"start":{"line":210,"column":0},"end":{"line":210,"column":0}},"210":{"start":{"line":211,"column":0},"end":{"line":211,"column":60}},"211":{"start":{"line":212,"column":0},"end":{"line":212,"column":30}},"212":{"start":{"line":213,"column":0},"end":{"line":213,"column":24}},"213":{"start":{"line":214,"column":0},"end":{"line":214,"column":37}},"214":{"start":{"line":215,"column":0},"end":{"line":215,"column":31}},"215":{"start":{"line":216,"column":0},"end":{"line":216,"column":6}},"216":{"start":{"line":217,"column":0},"end":{"line":217,"column":81}},"217":{"start":{"line":218,"column":0},"end":{"line":218,"column":3}},"218":{"start":{"line":219,"column":0},"end":{"line":219,"column":0}},"219":{"start":{"line":220,"column":0},"end":{"line":220,"column":62}},"220":{"start":{"line":221,"column":0},"end":{"line":221,"column":30}},"221":{"start":{"line":222,"column":0},"end":{"line":222,"column":24}},"222":{"start":{"line":223,"column":0},"end":{"line":223,"column":39}},"223":{"start":{"line":224,"column":0},"end":{"line":224,"column":31}},"224":{"start":{"line":225,"column":0},"end":{"line":225,"column":6}},"225":{"start":{"line":226,"column":0},"end":{"line":226,"column":83}},"226":{"start":{"line":227,"column":0},"end":{"line":227,"column":3}},"227":{"start":{"line":228,"column":0},"end":{"line":228,"column":0}},"228":{"start":{"line":229,"column":0},"end":{"line":229,"column":61}},"229":{"start":{"line":230,"column":0},"end":{"line":230,"column":30}},"230":{"start":{"line":231,"column":0},"end":{"line":231,"column":24}},"231":{"start":{"line":232,"column":0},"end":{"line":232,"column":38}},"232":{"start":{"line":233,"column":0},"end":{"line":233,"column":31}},"233":{"start":{"line":234,"column":0},"end":{"line":234,"column":6}},"234":{"start":{"line":235,"column":0},"end":{"line":235,"column":82}},"235":{"start":{"line":236,"column":0},"end":{"line":236,"column":3}},"236":{"start":{"line":237,"column":0},"end":{"line":237,"column":0}},"237":{"start":{"line":238,"column":0},"end":{"line":238,"column":60}},"238":{"start":{"line":239,"column":0},"end":{"line":239,"column":30}},"239":{"start":{"line":240,"column":0},"end":{"line":240,"column":24}},"240":{"start":{"line":241,"column":0},"end":{"line":241,"column":37}},"241":{"start":{"line":242,"column":0},"end":{"line":242,"column":31}},"242":{"start":{"line":243,"column":0},"end":{"line":243,"column":6}},"243":{"start":{"line":244,"column":0},"end":{"line":244,"column":81}},"244":{"start":{"line":245,"column":0},"end":{"line":245,"column":3}},"245":{"start":{"line":246,"column":0},"end":{"line":246,"column":1}}},"s":{"0":1,"1":1,"2":1,"3":1,"4":1,"5":1,"6":1,"7":1,"8":1,"9":1,"10":1,"11":1,"12":1,"13":1,"14":1,"15":1,"16":14,"17":14,"18":14,"19":14,"20":14,"21":14,"22":14,"23":14,"24":14,"25":14,"26":14,"27":14,"28":0,"29":14,"30":14,"31":14,"32":4,"33":4,"34":14,"35":14,"36":2284,"37":2284,"38":14,"39":14,"40":1152,"41":1152,"42":14,"43":14,"44":461,"45":461,"46":461,"47":461,"48":461,"49":461,"50":461,"51":913,"52":1152,"53":1152,"54":1152,"55":593,"56":593,"57":593,"58":559,"59":559,"60":913,"61":461,"62":14,"63":14,"64":461,"65":461,"66":461,"67":1094,"68":1108,"69":1108,"70":1108,"71":567,"72":567,"73":567,"74":4,"75":4,"76":567,"77":567,"78":1108,"79":1094,"80":461,"81":14,"82":14,"83":461,"84":461,"85":461,"86":461,"87":237,"88":237,"89":237,"90":237,"91":461,"92":56,"93":56,"94":461,"95":56,"96":56,"97":461,"98":56,"99":56,"100":461,"101":28,"102":28,"103":461,"104":28,"105":28,"106":461,"107":461,"108":14,"109":14,"110":18,"111":461,"112":461,"113":461,"114":461,"115":461,"116":461,"117":18,"118":18,"119":14,"120":1,"121":1,"122":1,"123":14,"124":14,"125":1,"126":1,"127":1,"128":1,"129":1,"130":1,"131":1,"132":1,"133":1,"134":1,"135":1,"136":1,"137":1,"138":1,"139":1,"140":1,"141":5,"142":5,"143":5,"144":5,"145":4,"146":4,"147":4,"148":4,"149":4,"150":3,"151":3,"152":3,"153":3,"154":3,"155":3,"156":3,"157":3,"158":3,"159":3,"160":1,"161":1,"162":3,"163":3,"164":3,"165":3,"166":2,"167":1,"168":1,"169":1,"170":1,"171":1,"172":1,"173":1,"174":1,"175":1,"176":1,"177":1,"178":1,"179":1,"180":1,"181":1,"182":1,"183":1,"184":113,"185":113,"186":113,"187":113,"188":113,"189":113,"190":113,"191":1,"192":1,"193":124,"194":124,"195":124,"196":124,"197":124,"198":124,"199":124,"200":1,"201":1,"202":56,"203":56,"204":56,"205":56,"206":56,"207":56,"208":56,"209":1,"210":1,"211":56,"212":56,"213":56,"214":56,"215":56,"216":56,"217":56,"218":1,"219":1,"220":56,"221":56,"222":56,"223":56,"224":56,"225":56,"226":56,"227":1,"228":1,"229":28,"230":28,"231":28,"232":28,"233":28,"234":28,"235":28,"236":1,"237":1,"238":28,"239":28,"240":28,"241":28,"242":28,"243":28,"244":28,"245":1},"branchMap":{"0":{"type":"branch","line":16,"loc":{"start":{"line":16,"column":2},"end":{"line":121,"column":62}},"locations":[{"start":{"line":16,"column":2},"end":{"line":121,"column":62}}]},"1":{"type":"branch","line":22,"loc":{"start":{"line":22,"column":2},"end":{"line":26,"column":3}},"locations":[{"start":{"line":22,"column":2},"end":{"line":26,"column":3}}]},"2":{"type":"branch","line":32,"loc":{"start":{"line":32,"column":10},"end":{"line":34,"column":3}},"locations":[{"start":{"line":32,"column":10},"end":{"line":34,"column":3}}]},"3":{"type":"branch","line":36,"loc":{"start":{"line":36,"column":9},"end":{"line":38,"column":3}},"locations":[{"start":{"line":36,"column":9},"end":{"line":38,"column":3}}]},"4":{"type":"branch","line":37,"loc":{"start":{"line":37,"column":48},"end":{"line":37,"column":56}},"locations":[{"start":{"line":37,"column":48},"end":{"line":37,"column":56}}]},"5":{"type":"branch","line":40,"loc":{"start":{"line":40,"column":10},"end":{"line":42,"column":3}},"locations":[{"start":{"line":40,"column":10},"end":{"line":42,"column":3}}]},"6":{"type":"branch","line":44,"loc":{"start":{"line":44,"column":10},"end":{"line":62,"column":3}},"locations":[{"start":{"line":44,"column":10},"end":{"line":62,"column":3}}]},"7":{"type":"branch","line":51,"loc":{"start":{"line":51,"column":48},"end":{"line":61,"column":5}},"locations":[{"start":{"line":51,"column":48},"end":{"line":61,"column":5}}]},"8":{"type":"branch","line":52,"loc":{"start":{"line":52,"column":53},"end":{"line":60,"column":7}},"locations":[{"start":{"line":52,"column":53},"end":{"line":60,"column":7}}]},"9":{"type":"branch","line":55,"loc":{"start":{"line":55,"column":39},"end":{"line":58,"column":9}},"locations":[{"start":{"line":55,"column":39},"end":{"line":58,"column":9}}]},"10":{"type":"branch","line":59,"loc":{"start":{"line":59,"column":-1},"end":{"line":60,"column":7}},"locations":[{"start":{"line":59,"column":-1},"end":{"line":60,"column":7}}]},"11":{"type":"branch","line":64,"loc":{"start":{"line":64,"column":10},"end":{"line":81,"column":3}},"locations":[{"start":{"line":64,"column":10},"end":{"line":81,"column":3}}]},"12":{"type":"branch","line":67,"loc":{"start":{"line":67,"column":48},"end":{"line":80,"column":5}},"locations":[{"start":{"line":67,"column":48},"end":{"line":80,"column":5}}]},"13":{"type":"branch","line":68,"loc":{"start":{"line":68,"column":53},"end":{"line":79,"column":7}},"locations":[{"start":{"line":68,"column":53},"end":{"line":79,"column":7}}]},"14":{"type":"branch","line":71,"loc":{"start":{"line":71,"column":28},"end":{"line":78,"column":9}},"locations":[{"start":{"line":71,"column":28},"end":{"line":78,"column":9}}]},"15":{"type":"branch","line":74,"loc":{"start":{"line":74,"column":31},"end":{"line":76,"column":11}},"locations":[{"start":{"line":74,"column":31},"end":{"line":76,"column":11}}]},"16":{"type":"branch","line":83,"loc":{"start":{"line":83,"column":10},"end":{"line":108,"column":3}},"locations":[{"start":{"line":83,"column":10},"end":{"line":108,"column":3}}]},"17":{"type":"branch","line":87,"loc":{"start":{"line":87,"column":6},"end":{"line":91,"column":14}},"locations":[{"start":{"line":87,"column":6},"end":{"line":91,"column":14}}]},"18":{"type":"branch","line":89,"loc":{"start":{"line":89,"column":10},"end":{"line":89,"column":52}},"locations":[{"start":{"line":89,"column":10},"end":{"line":89,"column":52}}]},"19":{"type":"branch","line":90,"loc":{"start":{"line":90,"column":10},"end":{"line":90,"column":52}},"locations":[{"start":{"line":90,"column":10},"end":{"line":90,"column":52}}]},"20":{"type":"branch","line":92,"loc":{"start":{"line":92,"column":6},"end":{"line":94,"column":14}},"locations":[{"start":{"line":92,"column":6},"end":{"line":94,"column":14}}]},"21":{"type":"branch","line":95,"loc":{"start":{"line":95,"column":6},"end":{"line":97,"column":14}},"locations":[{"start":{"line":95,"column":6},"end":{"line":97,"column":14}}]},"22":{"type":"branch","line":98,"loc":{"start":{"line":98,"column":6},"end":{"line":100,"column":14}},"locations":[{"start":{"line":98,"column":6},"end":{"line":100,"column":14}}]},"23":{"type":"branch","line":101,"loc":{"start":{"line":101,"column":6},"end":{"line":103,"column":14}},"locations":[{"start":{"line":101,"column":6},"end":{"line":103,"column":14}}]},"24":{"type":"branch","line":104,"loc":{"start":{"line":104,"column":6},"end":{"line":106,"column":14}},"locations":[{"start":{"line":104,"column":6},"end":{"line":106,"column":14}}]},"25":{"type":"branch","line":110,"loc":{"start":{"line":110,"column":10},"end":{"line":119,"column":3}},"locations":[{"start":{"line":110,"column":10},"end":{"line":119,"column":3}}]},"26":{"type":"branch","line":111,"loc":{"start":{"line":111,"column":25},"end":{"line":118,"column":5}},"locations":[{"start":{"line":111,"column":25},"end":{"line":118,"column":5}}]},"27":{"type":"branch","line":123,"loc":{"start":{"line":123,"column":9},"end":{"line":125,"column":3}},"locations":[{"start":{"line":123,"column":9},"end":{"line":125,"column":3}}]},"28":{"type":"branch","line":127,"loc":{"start":{"line":127,"column":9},"end":{"line":139,"column":3}},"locations":[{"start":{"line":127,"column":9},"end":{"line":139,"column":3}}]},"29":{"type":"branch","line":130,"loc":{"start":{"line":130,"column":25},"end":{"line":130,"column":32}},"locations":[{"start":{"line":130,"column":25},"end":{"line":130,"column":32}}]},"30":{"type":"branch","line":132,"loc":{"start":{"line":132,"column":51},"end":{"line":132,"column":58}},"locations":[{"start":{"line":132,"column":51},"end":{"line":132,"column":58}}]},"31":{"type":"branch","line":141,"loc":{"start":{"line":141,"column":9},"end":{"line":160,"column":3}},"locations":[{"start":{"line":141,"column":9},"end":{"line":160,"column":3}}]},"32":{"type":"branch","line":145,"loc":{"start":{"line":145,"column":21},"end":{"line":145,"column":28}},"locations":[{"start":{"line":145,"column":21},"end":{"line":145,"column":28}}]},"33":{"type":"branch","line":146,"loc":{"start":{"line":146,"column":-1},"end":{"line":146,"column":25}},"locations":[{"start":{"line":146,"column":-1},"end":{"line":146,"column":25}}]},"34":{"type":"branch","line":146,"loc":{"start":{"line":146,"column":18},"end":{"line":146,"column":25}},"locations":[{"start":{"line":146,"column":18},"end":{"line":146,"column":25}}]},"35":{"type":"branch","line":147,"loc":{"start":{"line":147,"column":-1},"end":{"line":150,"column":35}},"locations":[{"start":{"line":147,"column":-1},"end":{"line":150,"column":35}}]},"36":{"type":"branch","line":150,"loc":{"start":{"line":150,"column":28},"end":{"line":150,"column":35}},"locations":[{"start":{"line":150,"column":28},"end":{"line":150,"column":35}}]},"37":{"type":"branch","line":151,"loc":{"start":{"line":151,"column":-1},"end":{"line":160,"column":3}},"locations":[{"start":{"line":151,"column":-1},"end":{"line":160,"column":3}}]},"38":{"type":"branch","line":162,"loc":{"start":{"line":162,"column":9},"end":{"line":182,"column":3}},"locations":[{"start":{"line":162,"column":9},"end":{"line":182,"column":3}}]},"39":{"type":"branch","line":166,"loc":{"start":{"line":166,"column":21},"end":{"line":166,"column":28}},"locations":[{"start":{"line":166,"column":21},"end":{"line":166,"column":28}}]},"40":{"type":"branch","line":167,"loc":{"start":{"line":167,"column":-1},"end":{"line":167,"column":26}},"locations":[{"start":{"line":167,"column":-1},"end":{"line":167,"column":26}}]},"41":{"type":"branch","line":167,"loc":{"start":{"line":167,"column":19},"end":{"line":168,"column":52}},"locations":[{"start":{"line":167,"column":19},"end":{"line":168,"column":52}}]},"42":{"type":"branch","line":168,"loc":{"start":{"line":168,"column":45},"end":{"line":168,"column":52}},"locations":[{"start":{"line":168,"column":45},"end":{"line":168,"column":52}}]},"43":{"type":"branch","line":169,"loc":{"start":{"line":169,"column":-1},"end":{"line":172,"column":34}},"locations":[{"start":{"line":169,"column":-1},"end":{"line":172,"column":34}}]},"44":{"type":"branch","line":172,"loc":{"start":{"line":172,"column":27},"end":{"line":172,"column":34}},"locations":[{"start":{"line":172,"column":27},"end":{"line":172,"column":34}}]},"45":{"type":"branch","line":173,"loc":{"start":{"line":173,"column":-1},"end":{"line":182,"column":3}},"locations":[{"start":{"line":173,"column":-1},"end":{"line":182,"column":3}}]},"46":{"type":"branch","line":184,"loc":{"start":{"line":184,"column":10},"end":{"line":191,"column":3}},"locations":[{"start":{"line":184,"column":10},"end":{"line":191,"column":3}}]},"47":{"type":"branch","line":193,"loc":{"start":{"line":193,"column":10},"end":{"line":200,"column":3}},"locations":[{"start":{"line":193,"column":10},"end":{"line":200,"column":3}}]},"48":{"type":"branch","line":202,"loc":{"start":{"line":202,"column":10},"end":{"line":209,"column":3}},"locations":[{"start":{"line":202,"column":10},"end":{"line":209,"column":3}}]},"49":{"type":"branch","line":211,"loc":{"start":{"line":211,"column":10},"end":{"line":218,"column":3}},"locations":[{"start":{"line":211,"column":10},"end":{"line":218,"column":3}}]},"50":{"type":"branch","line":220,"loc":{"start":{"line":220,"column":10},"end":{"line":227,"column":3}},"locations":[{"start":{"line":220,"column":10},"end":{"line":227,"column":3}}]},"51":{"type":"branch","line":229,"loc":{"start":{"line":229,"column":10},"end":{"line":236,"column":3}},"locations":[{"start":{"line":229,"column":10},"end":{"line":236,"column":3}}]},"52":{"type":"branch","line":238,"loc":{"start":{"line":238,"column":10},"end":{"line":245,"column":3}},"locations":[{"start":{"line":238,"column":10},"end":{"line":245,"column":3}}]}},"b":{"0":[14],"1":[14],"2":[4],"3":[2284],"4":[1145],"5":[1152],"6":[461],"7":[913],"8":[1152],"9":[593],"10":[559],"11":[461],"12":[1094],"13":[1108],"14":[567],"15":[4],"16":[461],"17":[237],"18":[113],"19":[124],"20":[56],"21":[56],"22":[56],"23":[28],"24":[28],"25":[18],"26":[461],"27":[14],"28":[1],"29":[0],"30":[0],"31":[5],"32":[1],"33":[4],"34":[0],"35":[4],"36":[1],"37":[3],"38":[3],"39":[1],"40":[2],"41":[1],"42":[0],"43":[1],"44":[0],"45":[1],"46":[113],"47":[124],"48":[56],"49":[56],"50":[56],"51":[28],"52":[28]},"fnMap":{"0":{"name":"<instance_members_initializer>","decl":{"start":{"line":16,"column":2},"end":{"line":121,"column":62}},"loc":{"start":{"line":16,"column":2},"end":{"line":121,"column":62}},"line":16},"1":{"name":"Model","decl":{"start":{"line":22,"column":2},"end":{"line":26,"column":3}},"loc":{"start":{"line":22,"column":2},"end":{"line":26,"column":3}},"line":22},"2":{"name":"commitChanges","decl":{"start":{"line":28,"column":10},"end":{"line":30,"column":3}},"loc":{"start":{"line":28,"column":10},"end":{"line":30,"column":3}},"line":28},"3":{"name":"toggleTurn","decl":{"start":{"line":32,"column":10},"end":{"line":34,"column":3}},"loc":{"start":{"line":32,"column":10},"end":{"line":34,"column":3}},"line":32},"4":{"name":"getFigure","decl":{"start":{"line":36,"column":9},"end":{"line":38,"column":3}},"loc":{"start":{"line":36,"column":9},"end":{"line":38,"column":3}},"line":36},"5":{"name":"moveCheck","decl":{"start":{"line":40,"column":10},"end":{"line":42,"column":3}},"loc":{"start":{"line":40,"column":10},"end":{"line":42,"column":3}},"line":40},"6":{"name":"updateAvailableMoves","decl":{"start":{"line":44,"column":10},"end":{"line":62,"column":3}},"loc":{"start":{"line":44,"column":10},"end":{"line":62,"column":3}},"line":44},"7":{"name":"updateAvailableTakes","decl":{"start":{"line":64,"column":10},"end":{"line":81,"column":3}},"loc":{"start":{"line":64,"column":10},"end":{"line":81,"column":3}},"line":64},"8":{"name":"updateFigureState","decl":{"start":{"line":83,"column":10},"end":{"line":108,"column":3}},"loc":{"start":{"line":83,"column":10},"end":{"line":108,"column":3}},"line":83},"9":{"name":"updateFieldState","decl":{"start":{"line":110,"column":10},"end":{"line":119,"column":3}},"loc":{"start":{"line":110,"column":10},"end":{"line":119,"column":3}},"line":110},"10":{"name":"bindCommitChanges","decl":{"start":{"line":123,"column":9},"end":{"line":125,"column":3}},"loc":{"start":{"line":123,"column":9},"end":{"line":125,"column":3}},"line":123},"11":{"name":"trySelectFigure","decl":{"start":{"line":127,"column":9},"end":{"line":139,"column":3}},"loc":{"start":{"line":127,"column":9},"end":{"line":139,"column":3}},"line":127},"12":{"name":"tryMoveFigure","decl":{"start":{"line":141,"column":9},"end":{"line":160,"column":3}},"loc":{"start":{"line":141,"column":9},"end":{"line":160,"column":3}},"line":141},"13":{"name":"tryTakeFigure","decl":{"start":{"line":162,"column":9},"end":{"line":182,"column":3}},"loc":{"start":{"line":162,"column":9},"end":{"line":182,"column":3}},"line":162},"14":{"name":"whitePawnUpdate","decl":{"start":{"line":184,"column":10},"end":{"line":191,"column":3}},"loc":{"start":{"line":184,"column":10},"end":{"line":191,"column":3}},"line":184},"15":{"name":"blackPawnUpdate","decl":{"start":{"line":193,"column":10},"end":{"line":200,"column":3}},"loc":{"start":{"line":193,"column":10},"end":{"line":200,"column":3}},"line":193},"16":{"name":"knightUpdate","decl":{"start":{"line":202,"column":10},"end":{"line":209,"column":3}},"loc":{"start":{"line":202,"column":10},"end":{"line":209,"column":3}},"line":202},"17":{"name":"rookUpdate","decl":{"start":{"line":211,"column":10},"end":{"line":218,"column":3}},"loc":{"start":{"line":211,"column":10},"end":{"line":218,"column":3}},"line":211},"18":{"name":"bishopUpdate","decl":{"start":{"line":220,"column":10},"end":{"line":227,"column":3}},"loc":{"start":{"line":220,"column":10},"end":{"line":227,"column":3}},"line":220},"19":{"name":"queenUpdate","decl":{"start":{"line":229,"column":10},"end":{"line":236,"column":3}},"loc":{"start":{"line":229,"column":10},"end":{"line":236,"column":3}},"line":229},"20":{"name":"kingUpdate","decl":{"start":{"line":238,"column":10},"end":{"line":245,"column":3}},"loc":{"start":{"line":238,"column":10},"end":{"line":245,"column":3}},"line":238}},"f":{"0":14,"1":14,"2":0,"3":4,"4":2284,"5":1152,"6":461,"7":461,"8":461,"9":18,"10":14,"11":1,"12":5,"13":3,"14":113,"15":124,"16":56,"17":56,"18":56,"19":28,"20":28}}
,"/Users/artemzuravlenko/Projects/architectural-patterns/src/Position/index.ts": {"path":"/Users/artemzuravlenko/Projects/architectural-patterns/src/Position/index.ts","all":false,"statementMap":{"0":{"start":{"line":1,"column":0},"end":{"line":1,"column":53}},"1":{"start":{"line":2,"column":0},"end":{"line":2,"column":0}},"2":{"start":{"line":3,"column":0},"end":{"line":3,"column":23}},"3":{"start":{"line":4,"column":0},"end":{"line":4,"column":16}},"4":{"start":{"line":5,"column":0},"end":{"line":5,"column":16}},"5":{"start":{"line":6,"column":0},"end":{"line":6,"column":0}},"6":{"start":{"line":7,"column":0},"end":{"line":7,"column":57}},"7":{"start":{"line":8,"column":0},"end":{"line":8,"column":25}},"8":{"start":{"line":9,"column":0},"end":{"line":9,"column":25}},"9":{"start":{"line":10,"column":0},"end":{"line":10,"column":3}},"10":{"start":{"line":11,"column":0},"end":{"line":11,"column":0}},"11":{"start":{"line":12,"column":0},"end":{"line":12,"column":22}},"12":{"start":{"line":13,"column":0},"end":{"line":13,"column":19}},"13":{"start":{"line":14,"column":0},"end":{"line":14,"column":3}},"14":{"start":{"line":15,"column":0},"end":{"line":15,"column":0}},"15":{"start":{"line":16,"column":0},"end":{"line":16,"column":22}},"16":{"start":{"line":17,"column":0},"end":{"line":17,"column":19}},"17":{"start":{"line":18,"column":0},"end":{"line":18,"column":3}},"18":{"start":{"line":19,"column":0},"end":{"line":19,"column":0}},"19":{"start":{"line":20,"column":0},"end":{"line":20,"column":30}},"20":{"start":{"line":21,"column":0},"end":{"line":21,"column":35}},"21":{"start":{"line":22,"column":0},"end":{"line":22,"column":3}},"22":{"start":{"line":23,"column":0},"end":{"line":23,"column":0}},"23":{"start":{"line":24,"column":0},"end":{"line":24,"column":59}},"24":{"start":{"line":25,"column":0},"end":{"line":25,"column":42}},"25":{"start":{"line":26,"column":0},"end":{"line":26,"column":42}},"26":{"start":{"line":27,"column":0},"end":{"line":27,"column":0}},"27":{"start":{"line":28,"column":0},"end":{"line":28,"column":44}},"28":{"start":{"line":29,"column":0},"end":{"line":29,"column":0}},"29":{"start":{"line":30,"column":0},"end":{"line":30,"column":20}},"30":{"start":{"line":31,"column":0},"end":{"line":31,"column":4}},"31":{"start":{"line":32,"column":0},"end":{"line":32,"column":1}}},"s":{"0":1,"1":1,"2":1,"3":1,"4":1,"5":1,"6":1,"7":8880,"8":8880,"9":8880,"10":1,"11":1,"12":26762,"13":26762,"14":1,"15":1,"16":23842,"17":23842,"18":1,"19":1,"20":2930,"21":2930,"22":1,"23":1,"24":461,"25":461,"26":461,"27":461,"28":461,"29":461,"30":1,"31":1},"branchMap":{"0":{"type":"branch","line":4,"loc":{"start":{"line":4,"column":2},"end":{"line":5,"column":4}},"locations":[{"start":{"line":4,"column":2},"end":{"line":5,"column":4}}]},"1":{"type":"branch","line":7,"loc":{"start":{"line":7,"column":2},"end":{"line":10,"column":3}},"locations":[{"start":{"line":7,"column":2},"end":{"line":10,"column":3}}]},"2":{"type":"branch","line":12,"loc":{"start":{"line":12,"column":2},"end":{"line":14,"column":3}},"locations":[{"start":{"line":12,"column":2},"end":{"line":14,"column":3}}]},"3":{"type":"branch","line":16,"loc":{"start":{"line":16,"column":2},"end":{"line":18,"column":3}},"locations":[{"start":{"line":16,"column":2},"end":{"line":18,"column":3}}]},"4":{"type":"branch","line":20,"loc":{"start":{"line":20,"column":2},"end":{"line":22,"column":3}},"locations":[{"start":{"line":20,"column":2},"end":{"line":22,"column":3}}]},"5":{"type":"branch","line":24,"loc":{"start":{"line":24,"column":2},"end":{"line":31,"column":3}},"locations":[{"start":{"line":24,"column":2},"end":{"line":31,"column":3}}]},"6":{"type":"branch","line":24,"loc":{"start":{"line":24,"column":23},"end":{"line":31,"column":3}},"locations":[{"start":{"line":24,"column":23},"end":{"line":31,"column":3}}]}},"b":{"0":[8880],"1":[8880],"2":[26762],"3":[23842],"4":[2930],"5":[1],"6":[461]},"fnMap":{"0":{"name":"<instance_members_initializer>","decl":{"start":{"line":4,"column":2},"end":{"line":5,"column":4}},"loc":{"start":{"line":4,"column":2},"end":{"line":5,"column":4}},"line":4},"1":{"name":"Position","decl":{"start":{"line":7,"column":2},"end":{"line":10,"column":3}},"loc":{"start":{"line":7,"column":2},"end":{"line":10,"column":3}},"line":7},"2":{"name":"get x","decl":{"start":{"line":12,"column":2},"end":{"line":14,"column":3}},"loc":{"start":{"line":12,"column":2},"end":{"line":14,"column":3}},"line":12},"3":{"name":"get y","decl":{"start":{"line":16,"column":2},"end":{"line":18,"column":3}},"loc":{"start":{"line":16,"column":2},"end":{"line":18,"column":3}},"line":16},"4":{"name":"toString","decl":{"start":{"line":20,"column":2},"end":{"line":22,"column":3}},"loc":{"start":{"line":20,"column":2},"end":{"line":22,"column":3}},"line":20},"5":{"name":"<static_initializer>","decl":{"start":{"line":24,"column":2},"end":{"line":31,"column":3}},"loc":{"start":{"line":24,"column":2},"end":{"line":31,"column":3}},"line":24},"6":{"name":"posStrToObj","decl":{"start":{"line":24,"column":23},"end":{"line":31,"column":3}},"loc":{"start":{"line":24,"column":23},"end":{"line":31,"column":3}},"line":24}},"f":{"0":8880,"1":8880,"2":26762,"3":23842,"4":2930,"5":1,"6":461}}
,"/Users/artemzuravlenko/Projects/architectural-patterns/src/utills/getOppositeColor/index.ts": {"path":"/Users/artemzuravlenko/Projects/architectural-patterns/src/utills/getOppositeColor/index.ts","all":false,"statementMap":{"0":{"start":{"line":1,"column":0},"end":{"line":1,"column":41}},"1":{"start":{"line":2,"column":0},"end":{"line":2,"column":0}},"2":{"start":{"line":3,"column":0},"end":{"line":3,"column":51}},"3":{"start":{"line":4,"column":0},"end":{"line":4,"column":59}},"4":{"start":{"line":5,"column":0},"end":{"line":5,"column":2}}},"s":{"0":1,"1":1,"2":1,"3":6,"4":6},"branchMap":{"0":{"type":"branch","line":3,"loc":{"start":{"line":3,"column":32},"end":{"line":5,"column":2}},"locations":[{"start":{"line":3,"column":32},"end":{"line":5,"column":2}}]},"1":{"type":"branch","line":4,"loc":{"start":{"line":4,"column":31},"end":{"line":4,"column":44}},"locations":[{"start":{"line":4,"column":31},"end":{"line":4,"column":44}}]},"2":{"type":"branch","line":4,"loc":{"start":{"line":4,"column":45},"end":{"line":4,"column":58}},"locations":[{"start":{"line":4,"column":45},"end":{"line":4,"column":58}}]}},"b":{"0":[6],"1":[4],"2":[2]},"fnMap":{"0":{"name":"getOppositeColor","decl":{"start":{"line":3,"column":32},"end":{"line":5,"column":2}},"loc":{"start":{"line":3,"column":32},"end":{"line":5,"column":2}},"line":3}},"f":{"0":6}}
}
