TN:
SF:src/Figure.ts
FN:4,<instance_members_initializer>
FN:10,Figure
FNF:2
FNH:2
FNDA:36,<instance_members_initializer>
FNDA:36,Figure
DA:1,1
DA:2,1
DA:3,1
DA:4,1
DA:5,36
DA:6,36
DA:7,36
DA:8,1
DA:9,1
DA:10,1
DA:11,36
DA:12,36
DA:13,36
DA:14,36
DA:15,36
DA:16,36
DA:17,1
LF:17
LH:17
BRDA:4,0,0,36
BRDA:10,1,0,36
BRF:2
BRH:2
end_of_record
TN:
SF:src/defaultData.ts
FNF:0
FNH:0
DA:1,1
DA:2,1
DA:3,1
DA:4,1
DA:5,1
DA:6,1
DA:7,1
DA:8,1
DA:9,1
DA:10,1
DA:11,1
DA:12,1
DA:13,1
DA:14,1
DA:15,1
DA:16,1
DA:17,1
DA:18,1
DA:19,1
DA:20,1
DA:21,1
DA:22,1
DA:23,1
DA:24,1
DA:25,1
DA:26,1
DA:27,1
DA:28,1
DA:29,1
DA:30,1
DA:31,1
DA:32,1
DA:33,1
DA:34,1
DA:35,1
DA:36,1
DA:37,1
DA:38,1
DA:39,1
DA:40,1
LF:40
LH:40
BRF:0
BRH:0
end_of_record
TN:
SF:src/types.ts
FNF:0
FNH:0
DA:1,1
DA:2,1
DA:3,1
DA:4,1
DA:5,1
DA:6,1
DA:7,1
DA:8,1
DA:9,1
DA:10,1
DA:11,1
DA:12,1
DA:13,1
DA:14,1
DA:15,1
DA:16,1
DA:17,1
DA:18,1
DA:19,1
DA:20,1
DA:21,1
DA:22,1
DA:23,1
DA:24,1
DA:25,1
DA:26,1
DA:27,1
DA:28,1
DA:29,1
DA:30,1
DA:31,1
DA:32,1
DA:33,1
DA:34,1
DA:35,1
DA:36,1
DA:37,1
DA:38,1
DA:39,1
DA:40,1
DA:41,1
DA:42,1
LF:42
LH:42
BRF:0
BRH:0
end_of_record
TN:
SF:src/Model/index.ts
FN:16,<instance_members_initializer>
FN:22,Model
FN:28,commitChanges
FN:32,toggleTurn
FN:36,getFigure
FN:40,moveCheck
FN:44,updateAvailableMoves
FN:64,updateAvailableTakes
FN:83,updateFigureState
FN:110,updateFieldState
FN:123,bindCommitChanges
FN:127,trySelectFigure
FN:141,tryMoveFigure
FN:162,tryTakeFigure
FN:184,whitePawnUpdate
FN:193,blackPawnUpdate
FN:202,knightUpdate
FN:211,rookUpdate
FN:220,bishopUpdate
FN:229,queenUpdate
FN:238,kingUpdate
FNF:21
FNH:20
FNDA:14,<instance_members_initializer>
FNDA:14,Model
FNDA:0,commitChanges
FNDA:4,toggleTurn
FNDA:2284,getFigure
FNDA:1152,moveCheck
FNDA:461,updateAvailableMoves
FNDA:461,updateAvailableTakes
FNDA:461,updateFigureState
FNDA:18,updateFieldState
FNDA:14,bindCommitChanges
FNDA:1,trySelectFigure
FNDA:5,tryMoveFigure
FNDA:3,tryTakeFigure
FNDA:113,whitePawnUpdate
FNDA:124,blackPawnUpdate
FNDA:56,knightUpdate
FNDA:56,rookUpdate
FNDA:56,bishopUpdate
FNDA:28,queenUpdate
FNDA:28,kingUpdate
DA:1,1
DA:2,1
DA:3,1
DA:4,1
DA:5,1
DA:6,1
DA:7,1
DA:8,1
DA:9,1
DA:10,1
DA:11,1
DA:12,1
DA:13,1
DA:14,1
DA:15,1
DA:16,1
DA:17,14
DA:18,14
DA:19,14
DA:20,14
DA:21,14
DA:22,14
DA:23,14
DA:24,14
DA:25,14
DA:26,14
DA:27,14
DA:28,14
DA:29,0
DA:30,14
DA:31,14
DA:32,14
DA:33,4
DA:34,4
DA:35,14
DA:36,14
DA:37,2284
DA:38,2284
DA:39,14
DA:40,14
DA:41,1152
DA:42,1152
DA:43,14
DA:44,14
DA:45,461
DA:46,461
DA:47,461
DA:48,461
DA:49,461
DA:50,461
DA:51,461
DA:52,913
DA:53,1152
DA:54,1152
DA:55,1152
DA:56,593
DA:57,593
DA:58,593
DA:59,559
DA:60,559
DA:61,913
DA:62,461
DA:63,14
DA:64,14
DA:65,461
DA:66,461
DA:67,461
DA:68,1094
DA:69,1108
DA:70,1108
DA:71,1108
DA:72,567
DA:73,567
DA:74,567
DA:75,4
DA:76,4
DA:77,567
DA:78,567
DA:79,1108
DA:80,1094
DA:81,461
DA:82,14
DA:83,14
DA:84,461
DA:85,461
DA:86,461
DA:87,461
DA:88,237
DA:89,237
DA:90,237
DA:91,237
DA:92,461
DA:93,56
DA:94,56
DA:95,461
DA:96,56
DA:97,56
DA:98,461
DA:99,56
DA:100,56
DA:101,461
DA:102,28
DA:103,28
DA:104,461
DA:105,28
DA:106,28
DA:107,461
DA:108,461
DA:109,14
DA:110,14
DA:111,18
DA:112,461
DA:113,461
DA:114,461
DA:115,461
DA:116,461
DA:117,461
DA:118,18
DA:119,18
DA:120,14
DA:121,1
DA:122,1
DA:123,1
DA:124,14
DA:125,14
DA:126,1
DA:127,1
DA:128,1
DA:129,1
DA:130,1
DA:131,1
DA:132,1
DA:133,1
DA:134,1
DA:135,1
DA:136,1
DA:137,1
DA:138,1
DA:139,1
DA:140,1
DA:141,1
DA:142,5
DA:143,5
DA:144,5
DA:145,5
DA:146,4
DA:147,4
DA:148,4
DA:149,4
DA:150,4
DA:151,3
DA:152,3
DA:153,3
DA:154,3
DA:155,3
DA:156,3
DA:157,3
DA:158,3
DA:159,3
DA:160,3
DA:161,1
DA:162,1
DA:163,3
DA:164,3
DA:165,3
DA:166,3
DA:167,2
DA:168,1
DA:169,1
DA:170,1
DA:171,1
DA:172,1
DA:173,1
DA:174,1
DA:175,1
DA:176,1
DA:177,1
DA:178,1
DA:179,1
DA:180,1
DA:181,1
DA:182,1
DA:183,1
DA:184,1
DA:185,113
DA:186,113
DA:187,113
DA:188,113
DA:189,113
DA:190,113
DA:191,113
DA:192,1
DA:193,1
DA:194,124
DA:195,124
DA:196,124
DA:197,124
DA:198,124
DA:199,124
DA:200,124
DA:201,1
DA:202,1
DA:203,56
DA:204,56
DA:205,56
DA:206,56
DA:207,56
DA:208,56
DA:209,56
DA:210,1
DA:211,1
DA:212,56
DA:213,56
DA:214,56
DA:215,56
DA:216,56
DA:217,56
DA:218,56
DA:219,1
DA:220,1
DA:221,56
DA:222,56
DA:223,56
DA:224,56
DA:225,56
DA:226,56
DA:227,56
DA:228,1
DA:229,1
DA:230,28
DA:231,28
DA:232,28
DA:233,28
DA:234,28
DA:235,28
DA:236,28
DA:237,1
DA:238,1
DA:239,28
DA:240,28
DA:241,28
DA:242,28
DA:243,28
DA:244,28
DA:245,28
DA:246,1
LF:246
LH:245
BRDA:16,0,0,14
BRDA:22,1,0,14
BRDA:32,2,0,4
BRDA:36,3,0,2284
BRDA:37,4,0,1145
BRDA:40,5,0,1152
BRDA:44,6,0,461
BRDA:51,7,0,913
BRDA:52,8,0,1152
BRDA:55,9,0,593
BRDA:59,10,0,559
BRDA:64,11,0,461
BRDA:67,12,0,1094
BRDA:68,13,0,1108
BRDA:71,14,0,567
BRDA:74,15,0,4
BRDA:83,16,0,461
BRDA:87,17,0,237
BRDA:89,18,0,113
BRDA:90,19,0,124
BRDA:92,20,0,56
BRDA:95,21,0,56
BRDA:98,22,0,56
BRDA:101,23,0,28
BRDA:104,24,0,28
BRDA:110,25,0,18
BRDA:111,26,0,461
BRDA:123,27,0,14
BRDA:127,28,0,1
BRDA:130,29,0,0
BRDA:132,30,0,0
BRDA:141,31,0,5
BRDA:145,32,0,1
BRDA:146,33,0,4
BRDA:146,34,0,0
BRDA:147,35,0,4
BRDA:150,36,0,1
BRDA:151,37,0,3
BRDA:162,38,0,3
BRDA:166,39,0,1
BRDA:167,40,0,2
BRDA:167,41,0,1
BRDA:168,42,0,0
BRDA:169,43,0,1
BRDA:172,44,0,0
BRDA:173,45,0,1
BRDA:184,46,0,113
BRDA:193,47,0,124
BRDA:202,48,0,56
BRDA:211,49,0,56
BRDA:220,50,0,56
BRDA:229,51,0,28
BRDA:238,52,0,28
BRF:53
BRH:48
end_of_record
TN:
SF:src/Position/index.ts
FN:4,<instance_members_initializer>
FN:7,Position
FN:12,get x
FN:16,get y
FN:20,toString
FN:24,<static_initializer>
FN:24,posStrToObj
FNF:7
FNH:7
FNDA:8880,<instance_members_initializer>
FNDA:8880,Position
FNDA:26762,get x
FNDA:23842,get y
FNDA:2930,toString
FNDA:1,<static_initializer>
FNDA:461,posStrToObj
DA:1,1
DA:2,1
DA:3,1
DA:4,1
DA:5,1
DA:6,1
DA:7,1
DA:8,8880
DA:9,8880
DA:10,8880
DA:11,1
DA:12,1
DA:13,26762
DA:14,26762
DA:15,1
DA:16,1
DA:17,23842
DA:18,23842
DA:19,1
DA:20,1
DA:21,2930
DA:22,2930
DA:23,1
DA:24,1
DA:25,461
DA:26,461
DA:27,461
DA:28,461
DA:29,461
DA:30,461
DA:31,1
DA:32,1
LF:32
LH:32
BRDA:4,0,0,8880
BRDA:7,1,0,8880
BRDA:12,2,0,26762
BRDA:16,3,0,23842
BRDA:20,4,0,2930
BRDA:24,5,0,1
BRDA:24,6,0,461
BRF:7
BRH:7
end_of_record
TN:
SF:src/utills/getOppositeColor/index.ts
FN:3,getOppositeColor
FNF:1
FNH:1
FNDA:6,getOppositeColor
DA:1,1
DA:2,1
DA:3,1
DA:4,6
DA:5,6
LF:5
LH:5
BRDA:3,0,0,6
BRDA:4,1,0,4
BRDA:4,2,0,2
BRF:3
BRH:3
end_of_record
