TN:
SF:src/Figure.ts
FN:4,<instance_members_initializer>
FN:10,Figure
FNF:2
FNH:2
FNDA:32,<instance_members_initializer>
FNDA:32,Figure
DA:1,1
DA:2,1
DA:3,1
DA:4,1
DA:5,32
DA:6,32
DA:7,32
DA:8,1
DA:9,1
DA:10,1
DA:11,32
DA:12,32
DA:13,32
DA:14,32
DA:15,32
DA:16,32
DA:17,1
LF:17
LH:17
BRDA:4,0,0,32
BRDA:10,1,0,32
BRF:2
BRH:2
end_of_record
TN:
SF:src/defaultData.ts
FNF:0
FNH:0
DA:1,1
DA:2,1
DA:3,1
DA:4,1
DA:5,1
DA:6,1
DA:7,1
DA:8,1
DA:9,1
DA:10,1
DA:11,1
DA:12,1
DA:13,1
DA:14,1
DA:15,1
DA:16,1
DA:17,1
DA:18,1
DA:19,1
DA:20,1
DA:21,1
DA:22,1
DA:23,1
DA:24,1
DA:25,1
DA:26,1
DA:27,1
DA:28,1
DA:29,1
DA:30,1
DA:31,1
DA:32,1
DA:33,1
DA:34,1
DA:35,1
DA:36,1
DA:37,1
DA:38,1
DA:39,1
DA:40,1
LF:40
LH:40
BRF:0
BRH:0
end_of_record
TN:
SF:src/types.ts
FNF:0
FNH:0
DA:1,1
DA:2,1
DA:3,1
DA:4,1
DA:5,1
DA:6,1
DA:7,1
DA:8,1
DA:9,1
DA:10,1
DA:11,1
DA:12,1
DA:13,1
DA:14,1
DA:15,1
DA:16,1
DA:17,1
DA:18,1
DA:19,1
DA:20,1
DA:21,1
DA:22,1
DA:23,1
DA:24,1
DA:25,1
DA:26,1
DA:27,1
DA:28,1
DA:29,1
DA:30,1
DA:31,1
DA:32,1
DA:33,1
DA:34,1
DA:35,1
DA:36,1
DA:37,1
DA:38,1
DA:39,1
DA:40,1
DA:41,1
DA:42,1
LF:42
LH:42
BRF:0
BRH:0
end_of_record
TN:
SF:src/Model/index.ts
FN:15,getOppositeColor
FN:20,<instance_members_initializer>
FN:27,Model
FN:30,Model.onModelChange
FN:36,toggleTurn
FN:40,getFigure
FN:44,moveCheck
FN:50,updateAvailableMoves
FN:70,updateAvailableTakes
FN:93,updateFigureState
FN:120,updateFieldState
FN:133,bindModelChange
FN:137,commitChanges
FN:141,trySelectFigure
FN:155,tryMoveFigure
FN:180,tryTakeFigure
FN:207,whitePawnUpdate
FN:216,blackPawnUpdate
FN:225,knightUpdate
FN:234,rookUpdate
FN:243,bishopUpdate
FN:252,queenUpdate
FN:261,kingUpdate
FNF:23
FNH:6
FNDA:2,getOppositeColor
FNDA:4,<instance_members_initializer>
FNDA:4,Model
FNDA:0,Model.onModelChange
FNDA:0,toggleTurn
FNDA:2,getFigure
FNDA:0,moveCheck
FNDA:0,updateAvailableMoves
FNDA:0,updateAvailableTakes
FNDA:0,updateFigureState
FNDA:0,updateFieldState
FNDA:0,bindModelChange
FNDA:1,commitChanges
FNDA:1,trySelectFigure
FNDA:0,tryMoveFigure
FNDA:0,tryTakeFigure
FNDA:0,whitePawnUpdate
FNDA:0,blackPawnUpdate
FNDA:0,knightUpdate
FNDA:0,rookUpdate
FNDA:0,bishopUpdate
FNDA:0,queenUpdate
FNDA:0,kingUpdate
DA:1,1
DA:2,1
DA:3,1
DA:4,1
DA:5,1
DA:6,1
DA:7,1
DA:8,1
DA:9,1
DA:10,1
DA:11,1
DA:12,1
DA:13,1
DA:14,1
DA:15,1
DA:16,2
DA:17,2
DA:18,1
DA:19,1
DA:20,1
DA:21,4
DA:22,4
DA:23,4
DA:24,4
DA:25,4
DA:26,4
DA:27,4
DA:28,4
DA:29,4
DA:30,4
DA:31,0
DA:32,4
DA:33,4
DA:34,4
DA:35,4
DA:36,4
DA:37,0
DA:38,0
DA:39,4
DA:40,4
DA:41,2
DA:42,2
DA:43,4
DA:44,4
DA:45,0
DA:46,0
DA:47,0
DA:48,0
DA:49,4
DA:50,4
DA:51,0
DA:52,0
DA:53,0
DA:54,0
DA:55,0
DA:56,0
DA:57,0
DA:58,0
DA:59,0
DA:60,0
DA:61,0
DA:62,0
DA:63,0
DA:64,0
DA:65,0
DA:66,0
DA:67,0
DA:68,0
DA:69,4
DA:70,4
DA:71,0
DA:72,0
DA:73,0
DA:74,0
DA:75,0
DA:76,0
DA:77,0
DA:78,0
DA:79,0
DA:80,0
DA:81,0
DA:82,0
DA:83,0
DA:84,0
DA:85,0
DA:86,0
DA:87,0
DA:88,0
DA:89,0
DA:90,0
DA:91,0
DA:92,4
DA:93,4
DA:94,0
DA:95,0
DA:96,0
DA:97,0
DA:98,0
DA:99,0
DA:100,0
DA:101,0
DA:102,0
DA:103,0
DA:104,0
DA:105,0
DA:106,0
DA:107,0
DA:108,0
DA:109,0
DA:110,0
DA:111,0
DA:112,0
DA:113,0
DA:114,0
DA:115,0
DA:116,0
DA:117,0
DA:118,0
DA:119,4
DA:120,4
DA:121,0
DA:122,0
DA:123,0
DA:124,0
DA:125,0
DA:126,0
DA:127,0
DA:128,0
DA:129,0
DA:130,4
DA:131,1
DA:132,1
DA:133,1
DA:134,0
DA:135,0
DA:136,1
DA:137,1
DA:138,1
DA:139,1
DA:140,1
DA:141,1
DA:142,1
DA:143,1
DA:144,1
DA:145,1
DA:146,1
DA:147,1
DA:148,1
DA:149,1
DA:150,1
DA:151,1
DA:152,1
DA:153,1
DA:154,1
DA:155,1
DA:156,0
DA:157,0
DA:158,0
DA:159,0
DA:160,0
DA:161,0
DA:162,0
DA:163,0
DA:164,0
DA:165,0
DA:166,0
DA:167,0
DA:168,0
DA:169,0
DA:170,0
DA:171,0
DA:172,0
DA:173,0
DA:174,0
DA:175,0
DA:176,0
DA:177,0
DA:178,0
DA:179,1
DA:180,1
DA:181,0
DA:182,0
DA:183,0
DA:184,0
DA:185,0
DA:186,0
DA:187,0
DA:188,0
DA:189,0
DA:190,0
DA:191,0
DA:192,0
DA:193,0
DA:194,0
DA:195,0
DA:196,0
DA:197,0
DA:198,0
DA:199,0
DA:200,0
DA:201,0
DA:202,0
DA:203,0
DA:204,0
DA:205,0
DA:206,1
DA:207,1
DA:208,0
DA:209,0
DA:210,0
DA:211,0
DA:212,0
DA:213,0
DA:214,0
DA:215,1
DA:216,1
DA:217,0
DA:218,0
DA:219,0
DA:220,0
DA:221,0
DA:222,0
DA:223,0
DA:224,1
DA:225,1
DA:226,0
DA:227,0
DA:228,0
DA:229,0
DA:230,0
DA:231,0
DA:232,0
DA:233,1
DA:234,1
DA:235,0
DA:236,0
DA:237,0
DA:238,0
DA:239,0
DA:240,0
DA:241,0
DA:242,1
DA:243,1
DA:244,0
DA:245,0
DA:246,0
DA:247,0
DA:248,0
DA:249,0
DA:250,0
DA:251,1
DA:252,1
DA:253,0
DA:254,0
DA:255,0
DA:256,0
DA:257,0
DA:258,0
DA:259,0
DA:260,1
DA:261,1
DA:262,0
DA:263,0
DA:264,0
DA:265,0
DA:266,0
DA:267,0
DA:268,0
DA:269,1
LF:269
LH:90
BRDA:15,0,0,2
BRDA:16,1,0,1
BRDA:16,2,0,1
BRDA:20,3,0,4
BRDA:27,4,0,4
BRDA:40,5,0,2
BRDA:41,6,0,1
BRDA:137,7,0,1
BRDA:141,8,0,1
BRDA:144,9,0,0
BRDA:146,10,0,0
BRF:11
BRH:9
end_of_record
TN:
SF:src/Position/index.ts
FN:4,<instance_members_initializer>
FN:7,Position
FN:12,get x
FN:16,get y
FN:20,toString
FN:24,<static_initializer>
FN:24,posStrToObj
FNF:7
FNH:6
FNDA:445,<instance_members_initializer>
FNDA:445,Position
FNDA:884,get x
FNDA:814,get y
FNDA:34,toString
FNDA:18,<static_initializer>
FNDA:0,posStrToObj
DA:1,1
DA:2,1
DA:3,1
DA:4,1
DA:5,1
DA:6,1
DA:7,1
DA:8,445
DA:9,445
DA:10,445
DA:11,1
DA:12,1
DA:13,884
DA:14,884
DA:15,1
DA:16,1
DA:17,814
DA:18,814
DA:19,1
DA:20,1
DA:21,34
DA:22,34
DA:23,1
DA:24,1
DA:25,0
DA:26,0
DA:27,0
DA:28,0
DA:29,0
DA:30,0
DA:31,1
DA:32,1
LF:32
LH:26
BRDA:4,0,0,445
BRDA:7,1,0,445
BRDA:12,2,0,884
BRDA:16,3,0,814
BRDA:20,4,0,34
BRDA:24,5,0,18
BRF:6
BRH:6
end_of_record
TN:
SF:src/directionGenerators/downPositions/index.ts
FN:5,downPositions
FNF:1
FNH:1
FNDA:12,downPositions
DA:1,1
DA:2,1
DA:3,1
DA:4,1
DA:5,1
DA:6,12
DA:7,12
DA:8,12
DA:9,44
DA:10,44
DA:11,44
DA:12,44
DA:13,44
DA:14,44
DA:15,44
DA:16,12
DA:17,12
LF:17
LH:17
BRDA:5,0,0,12
BRDA:8,1,0,44
BRF:2
BRH:2
end_of_record
TN:
SF:src/directionGenerators/leftDownPositions/index.ts
FN:5,leftDownPositions
FNF:1
FNH:1
FNDA:15,leftDownPositions
DA:1,1
DA:2,1
DA:3,1
DA:4,1
DA:5,1
DA:6,15
DA:7,15
DA:8,15
DA:9,15
DA:10,15
DA:11,39
DA:12,39
DA:13,39
DA:14,31
DA:15,31
DA:16,39
DA:17,15
DA:18,15
DA:19,15
LF:19
LH:19
BRDA:5,0,0,15
BRDA:10,1,0,39
BRDA:13,2,0,31
BRF:3
BRH:3
end_of_record
TN:
SF:src/directionGenerators/leftPositions/index.ts
FN:4,leftPositions
FNF:1
FNH:1
FNDA:8,leftPositions
DA:1,1
DA:2,1
DA:3,1
DA:4,1
DA:5,8
DA:6,8
DA:7,8
DA:8,27
DA:9,27
DA:10,27
DA:11,27
DA:12,27
DA:13,27
DA:14,27
DA:15,8
DA:16,8
LF:16
LH:16
BRDA:4,0,0,8
BRDA:7,1,0,27
BRF:2
BRH:2
end_of_record
TN:
SF:src/directionGenerators/leftUpPositions/index.ts
FN:4,leftUpPositions
FNF:1
FNH:1
FNDA:15,leftUpPositions
DA:1,1
DA:2,1
DA:3,1
DA:4,1
DA:5,15
DA:6,15
DA:7,15
DA:8,15
DA:9,15
DA:10,30
DA:11,30
DA:12,30
DA:13,30
DA:14,30
DA:15,30
DA:16,30
DA:17,15
DA:18,15
DA:19,15
LF:19
LH:19
BRDA:4,0,0,15
BRDA:9,1,0,30
BRF:2
BRH:2
end_of_record
TN:
SF:src/directionGenerators/rightDownPositions/index.ts
FN:5,rightDownPositions
FNF:1
FNH:1
FNDA:18,rightDownPositions
DA:1,1
DA:2,1
DA:3,1
DA:4,1
DA:5,1
DA:6,18
DA:7,18
DA:8,18
DA:9,18
DA:10,18
DA:11,25
DA:12,25
DA:13,25
DA:14,25
DA:15,25
DA:16,25
DA:17,25
DA:18,18
DA:19,18
DA:20,18
LF:20
LH:20
BRDA:5,0,0,18
BRDA:10,1,0,25
BRF:2
BRH:2
end_of_record
TN:
SF:src/directionGenerators/rightPositions/index.ts
FN:5,rightPositions
FNF:1
FNH:1
FNDA:10,rightPositions
DA:1,1
DA:2,1
DA:3,1
DA:4,1
DA:5,1
DA:6,10
DA:7,10
DA:8,10
DA:9,37
DA:10,37
DA:11,37
DA:12,37
DA:13,37
DA:14,37
DA:15,37
DA:16,10
DA:17,10
LF:17
LH:17
BRDA:5,0,0,10
BRDA:8,1,0,37
BRF:2
BRH:2
end_of_record
TN:
SF:src/directionGenerators/rightUpPositions/index.ts
FN:5,rightUpPositions
FNF:1
FNH:1
FNDA:15,rightUpPositions
DA:1,1
DA:2,1
DA:3,1
DA:4,1
DA:5,1
DA:6,15
DA:7,15
DA:8,15
DA:9,15
DA:10,15
DA:11,33
DA:12,33
DA:13,33
DA:14,26
DA:15,26
DA:16,33
DA:17,15
DA:18,15
DA:19,15
LF:19
LH:19
BRDA:5,0,0,15
BRDA:10,1,0,33
BRDA:13,2,0,26
BRF:3
BRH:3
end_of_record
TN:
SF:src/directionGenerators/upPositions/index.ts
FN:4,upPositions
FNF:1
FNH:1
FNDA:11,upPositions
DA:1,1
DA:2,1
DA:3,1
DA:4,1
DA:5,11
DA:6,11
DA:7,11
DA:8,34
DA:9,34
DA:10,34
DA:11,34
DA:12,34
DA:13,34
DA:14,34
DA:15,11
DA:16,11
LF:16
LH:16
BRDA:4,0,0,11
BRDA:7,1,0,34
BRF:2
BRH:2
end_of_record
TN:
SF:src/moveDirections/bishop/index.ts
FNF:0
FNH:0
DA:1,1
DA:2,1
DA:3,1
DA:4,1
DA:5,1
DA:6,1
DA:7,1
LF:7
LH:7
BRF:0
BRH:0
end_of_record
TN:
SF:src/moveDirections/bishop/move/index.ts
FN:7,move
FNF:1
FNH:1
FNDA:4,move
DA:1,1
DA:2,1
DA:3,1
DA:4,1
DA:5,1
DA:6,1
DA:7,1
DA:8,4
DA:9,4
DA:10,4
DA:11,4
DA:12,4
DA:13,4
DA:14,4
LF:14
LH:14
BRDA:7,0,0,4
BRDA:13,1,0,16
BRF:2
BRH:2
end_of_record
TN:
SF:src/moveDirections/bishop/take/index.ts
FNF:0
FNH:0
DA:1,1
DA:2,1
DA:3,1
LF:3
LH:3
BRF:0
BRH:0
end_of_record
TN:
SF:src/moveDirections/blackPawn/index.ts
FNF:0
FNH:0
DA:1,1
DA:2,1
DA:3,1
DA:4,1
DA:5,1
DA:6,1
DA:7,1
LF:7
LH:7
BRF:0
BRH:0
end_of_record
TN:
SF:src/moveDirections/blackPawn/move/index.ts
FN:4,move
FNF:1
FNH:1
FNDA:3,move
DA:1,1
DA:2,1
DA:3,1
DA:4,1
DA:5,3
DA:6,3
DA:7,3
DA:8,3
LF:8
LH:8
BRDA:4,0,0,3
BRDA:5,1,0,1
BRDA:5,2,0,2
BRDA:7,3,0,3
BRF:4
BRH:4
end_of_record
TN:
SF:src/moveDirections/blackPawn/take/index.ts
FN:5,take
FNF:1
FNH:1
FNDA:5,take
DA:1,1
DA:2,1
DA:3,1
DA:4,1
DA:5,1
DA:6,5
DA:7,5
DA:8,5
DA:9,5
DA:10,5
DA:11,5
DA:12,5
LF:12
LH:12
BRDA:5,0,0,5
BRDA:9,1,0,10
BRF:2
BRH:2
end_of_record
TN:
SF:src/moveDirections/king/index.ts
FNF:0
FNH:0
DA:1,1
DA:2,1
DA:3,1
DA:4,1
DA:5,1
DA:6,1
DA:7,1
LF:7
LH:7
BRF:0
BRH:0
end_of_record
TN:
SF:src/moveDirections/king/move/index.ts
FN:11,move
FNF:1
FNH:1
FNDA:2,move
DA:1,1
DA:2,1
DA:3,1
DA:4,1
DA:5,1
DA:6,1
DA:7,1
DA:8,1
DA:9,1
DA:10,1
DA:11,1
DA:12,2
DA:13,2
DA:14,2
DA:15,2
DA:16,2
DA:17,2
DA:18,2
DA:19,2
DA:20,2
DA:21,2
DA:22,2
LF:22
LH:22
BRDA:11,0,0,2
BRDA:21,1,0,16
BRF:2
BRH:2
end_of_record
TN:
SF:src/moveDirections/king/take/index.ts
FNF:0
FNH:0
DA:1,1
DA:2,1
DA:3,1
LF:3
LH:3
BRF:0
BRH:0
end_of_record
TN:
SF:src/moveDirections/knight/index.ts
FNF:0
FNH:0
DA:1,1
DA:2,1
DA:3,1
DA:4,1
DA:5,1
DA:6,1
DA:7,1
LF:7
LH:7
BRF:0
BRH:0
end_of_record
TN:
SF:src/moveDirections/knight/move/index.ts
FN:4,move
FNF:1
FNH:0
FNDA:0,move
DA:1,1
DA:2,1
DA:3,1
DA:4,1
DA:5,0
DA:6,0
DA:7,0
DA:8,0
DA:9,0
DA:10,0
DA:11,0
DA:12,0
DA:13,0
DA:14,0
DA:15,0
DA:16,0
DA:17,0
DA:18,0
DA:19,0
DA:20,0
DA:21,0
DA:22,0
DA:23,0
DA:24,0
DA:25,0
DA:26,0
LF:26
LH:4
BRF:0
BRH:0
end_of_record
TN:
SF:src/moveDirections/knight/take/index.ts
FNF:0
FNH:0
DA:1,1
DA:2,1
DA:3,1
LF:3
LH:3
BRF:0
BRH:0
end_of_record
TN:
SF:src/moveDirections/queen/index.ts
FNF:0
FNH:0
DA:1,1
DA:2,1
DA:3,1
DA:4,1
DA:5,1
DA:6,1
DA:7,1
LF:7
LH:7
BRF:0
BRH:0
end_of_record
TN:
SF:src/moveDirections/queen/move/index.ts
FN:11,move
FNF:1
FNH:1
FNDA:2,move
DA:1,1
DA:2,1
DA:3,1
DA:4,1
DA:5,1
DA:6,1
DA:7,1
DA:8,1
DA:9,1
DA:10,1
DA:11,1
DA:12,2
DA:13,2
DA:14,2
DA:15,2
DA:16,2
DA:17,2
DA:18,2
DA:19,2
DA:20,2
DA:21,2
DA:22,2
LF:22
LH:22
BRDA:11,0,0,2
BRDA:21,1,0,16
BRF:2
BRH:2
end_of_record
TN:
SF:src/moveDirections/queen/take/index.ts
FNF:0
FNH:0
DA:1,1
DA:2,1
DA:3,1
LF:3
LH:3
BRF:0
BRH:0
end_of_record
TN:
SF:src/moveDirections/rock/index.ts
FNF:0
FNH:0
DA:1,1
DA:2,1
DA:3,1
DA:4,1
DA:5,1
DA:6,1
DA:7,1
LF:7
LH:7
BRF:0
BRH:0
end_of_record
TN:
SF:src/moveDirections/rock/move/index.ts
FN:7,move
FNF:1
FNH:1
FNDA:2,move
DA:1,1
DA:2,1
DA:3,1
DA:4,1
DA:5,1
DA:6,1
DA:7,1
DA:8,2
DA:9,2
DA:10,2
DA:11,2
DA:12,2
DA:13,2
DA:14,2
LF:14
LH:14
BRDA:7,0,0,2
BRDA:13,1,0,8
BRF:2
BRH:2
end_of_record
TN:
SF:src/moveDirections/rock/take/index.ts
FNF:0
FNH:0
DA:1,1
DA:2,1
DA:3,1
LF:3
LH:3
BRF:0
BRH:0
end_of_record
TN:
SF:src/moveDirections/whitePawn/index.ts
FNF:0
FNH:0
DA:1,1
DA:2,1
DA:3,1
DA:4,1
DA:5,1
DA:6,1
DA:7,1
LF:7
LH:7
BRF:0
BRH:0
end_of_record
TN:
SF:src/moveDirections/whitePawn/moveDirections/index.ts
FN:4,moveDirections
FNF:1
FNH:1
FNDA:3,moveDirections
DA:1,1
DA:2,1
DA:3,1
DA:4,1
DA:5,3
DA:6,3
DA:7,3
DA:8,3
LF:8
LH:8
BRDA:4,0,0,3
BRDA:5,1,0,1
BRDA:5,2,0,2
BRDA:7,3,0,3
BRF:4
BRH:4
end_of_record
TN:
SF:src/moveDirections/whitePawn/takeDirections/index.ts
FN:5,takeDirections
FNF:1
FNH:1
FNDA:5,takeDirections
DA:1,1
DA:2,1
DA:3,1
DA:4,1
DA:5,1
DA:6,5
DA:7,5
DA:8,5
DA:9,5
DA:10,5
DA:11,5
DA:12,5
LF:12
LH:12
BRDA:5,0,0,5
BRDA:9,1,0,10
BRF:2
BRH:2
end_of_record
TN:
SF:src/utills/cellCoordinatesSelector/index.ts
FN:3,cellCoordinatesSelector
FNF:1
FNH:1
FNDA:3,cellCoordinatesSelector
DA:1,1
DA:2,1
DA:3,1
DA:4,3
DA:5,3
DA:6,3
DA:7,3
DA:8,3
LF:8
LH:8
BRDA:3,0,0,3
BRF:1
BRH:1
end_of_record
TN:
SF:src/utills/convertToFigureCSSClass/index.ts
FN:11,resolveFigureClassType
FN:28,convertToFigureCSSClass
FNF:2
FNH:2
FNDA:13,resolveFigureClassType
FNDA:4,convertToFigureCSSClass
DA:1,1
DA:2,1
DA:3,1
DA:4,1
DA:5,1
DA:6,1
DA:7,1
DA:8,1
DA:9,1
DA:10,1
DA:11,1
DA:12,13
DA:13,13
DA:14,4
DA:15,13
DA:16,3
DA:17,13
DA:18,2
DA:19,13
DA:20,1
DA:21,13
DA:22,1
DA:23,13
DA:24,2
DA:25,13
DA:26,13
DA:27,1
DA:28,1
DA:29,4
DA:30,4
DA:31,4
DA:32,4
DA:33,4
DA:34,4
DA:35,4
LF:35
LH:35
BRDA:11,0,0,13
BRDA:13,1,0,4
BRDA:15,2,0,3
BRDA:17,3,0,2
BRDA:19,4,0,1
BRDA:21,5,0,1
BRDA:23,6,0,2
BRDA:28,7,0,4
BRDA:29,8,0,2
BRDA:29,9,0,2
BRF:10
BRH:10
end_of_record
TN:
SF:src/utills/createElement/index.ts
FN:1,createElement
FNF:1
FNH:1
FNDA:4,createElement
DA:1,1
DA:2,4
DA:3,4
DA:4,4
DA:5,4
DA:6,4
DA:7,4
DA:8,2
DA:9,1
DA:10,2
DA:11,2
DA:12,1
DA:13,1
DA:14,1
DA:15,2
DA:16,4
DA:17,4
DA:18,4
LF:18
LH:18
BRDA:1,0,0,4
BRDA:7,1,0,2
BRDA:8,2,0,1
BRDA:9,3,0,2
BRF:4
BRH:4
end_of_record
TN:
SF:src/utills/getElement/index.ts
FN:1,getElement
FNF:1
FNH:1
FNDA:3,getElement
DA:1,1
DA:2,3
DA:3,3
DA:4,3
DA:5,2
DA:6,2
DA:7,1
DA:8,1
LF:8
LH:8
BRDA:1,0,0,3
BRDA:4,1,0,2
BRDA:7,2,0,1
BRF:3
BRH:3
end_of_record
TN:
SF:src/utills/isFigureClass/index.ts
FN:3,isFigureClass
FNF:1
FNH:1
FNDA:9,isFigureClass
DA:1,1
DA:2,1
DA:3,1
DA:4,9
DA:5,9
DA:6,9
DA:7,9
DA:8,9
DA:9,9
LF:9
LH:9
BRDA:3,0,0,9
BRDA:8,1,0,6
BRDA:8,2,0,3
BRDA:4,3,0,17
BRDA:5,4,0,40
BRF:5
BRH:5
end_of_record
TN:
SF:src/utills/isWithinTheBoard/index.ts
FN:4,isWithinTheBoard
FNF:1
FNH:1
FNDA:272,isWithinTheBoard
DA:1,1
DA:2,1
DA:3,1
DA:4,1
DA:5,272
DA:6,272
LF:6
LH:6
BRDA:4,0,0,272
BRDA:5,1,0,265
BRF:2
BRH:2
end_of_record
